<?xml version="1.0" encoding="UTF-8"?>
<testsuite name="dc.on.persona_predictor.PersonaPredictorApplicationTests" tests="1" skipped="0" failures="0" errors="0" timestamp="2025-02-24T20:32:07" hostname="Shabanas-Air" time="1.468">
  <properties/>
  <testcase name="contextLoads()" classname="dc.on.persona_predictor.PersonaPredictorApplicationTests" time="1.468"/>
  <system-out><![CDATA[15:31:56.340 [Test worker] INFO org.springframework.test.context.support.AnnotationConfigContextLoaderUtils -- Could not detect default configuration classes for test class [dc.on.persona_predictor.PersonaPredictorApplicationTests]: PersonaPredictorApplicationTests does not declare any static, non-private, non-final, nested classes annotated with @Configuration.
15:31:56.471 [Test worker] INFO org.springframework.boot.test.context.SpringBootTestContextBootstrapper -- Found @SpringBootConfiguration dc.on.persona_predictor.PersonaPredictorApplication for test class dc.on.persona_predictor.PersonaPredictorApplicationTests

  .   ____          _            __ _ _
 /\\ / ___'_ __ _ _(_)_ __  __ _ \ \ \ \
( ( )\___ | '_ | '_| | '_ \/ _` | \ \ \ \
 \\/  ___)| |_)| | | | | || (_| |  ) ) ) )
  '  |____| .__|_| |_|_| |_\__, | / / / /
 =========|_|==============|___/=/_/_/_/

 :: Spring Boot ::                (v3.4.2)

2025-02-24T15:31:57.046-05:00  INFO 39854 --- [persona_predictor] [    Test worker] d.o.p.PersonaPredictorApplicationTests   : Starting PersonaPredictorApplicationTests using Java 21.0.6 with PID 39854 (started by sharyl in /Users/sharyl/Desktop/persona_predictor)
2025-02-24T15:31:57.048-05:00  INFO 39854 --- [persona_predictor] [    Test worker] d.o.p.PersonaPredictorApplicationTests   : No active profile set, falling back to 1 default profile: "default"
2025-02-24T15:31:57.049-05:00 DEBUG 39854 --- [persona_predictor] [    Test worker] o.s.boot.SpringApplication               : Loading source class dc.on.persona_predictor.PersonaPredictorApplication
2025-02-24T15:31:57.243-05:00 DEBUG 39854 --- [persona_predictor] [    Test worker] o.s.w.c.s.GenericWebApplicationContext   : Refreshing org.springframework.web.context.support.GenericWebApplicationContext@78c1a023
2025-02-24T15:31:57.294-05:00 DEBUG 39854 --- [persona_predictor] [    Test worker] o.s.b.f.s.DefaultListableBeanFactory     : Creating shared instance of singleton bean 'org.springframework.context.annotation.internalConfigurationAnnotationProcessor'
2025-02-24T15:31:57.308-05:00 DEBUG 39854 --- [persona_predictor] [    Test worker] o.s.b.f.s.DefaultListableBeanFactory     : Creating shared instance of singleton bean 'org.springframework.boot.autoconfigure.internalCachingMetadataReaderFactory'
2025-02-24T15:31:57.389-05:00 DEBUG 39854 --- [persona_predictor] [    Test worker] o.s.c.a.ClassPathBeanDefinitionScanner   : Identified candidate component class: file [/Users/sharyl/Desktop/persona_predictor/build/classes/java/main/dc/on/persona_predictor/config/SwaggerConfig.class]
2025-02-24T15:31:57.413-05:00 DEBUG 39854 --- [persona_predictor] [    Test worker] o.s.c.a.ClassPathBeanDefinitionScanner   : Identified candidate component class: file [/Users/sharyl/Desktop/persona_predictor/build/classes/java/main/dc/on/persona_predictor/controller/User_Persona_Controller.class]
2025-02-24T15:31:57.418-05:00 DEBUG 39854 --- [persona_predictor] [    Test worker] o.s.c.a.ClassPathBeanDefinitionScanner   : Ignored because not a concrete top-level class: file [/Users/sharyl/Desktop/persona_predictor/build/classes/java/main/dc/on/persona_predictor/repository/UserDataRepository.class]
2025-02-24T15:31:57.422-05:00 DEBUG 39854 --- [persona_predictor] [    Test worker] o.s.c.a.ClassPathBeanDefinitionScanner   : Identified candidate component class: file [/Users/sharyl/Desktop/persona_predictor/build/classes/java/main/dc/on/persona_predictor/repository/UserDetails.class]
2025-02-24T15:31:57.422-05:00 DEBUG 39854 --- [persona_predictor] [    Test worker] o.s.c.a.ClassPathBeanDefinitionScanner   : Identified candidate component class: file [/Users/sharyl/Desktop/persona_predictor/build/classes/java/main/dc/on/persona_predictor/service/UserService.class]
2025-02-24T15:31:58.611-05:00  INFO 39854 --- [persona_predictor] [    Test worker] .s.d.r.c.RepositoryConfigurationDelegate : Bootstrapping Spring Data JPA repositories in DEFAULT mode.
2025-02-24T15:31:58.624-05:00 DEBUG 39854 --- [persona_predictor] [    Test worker] o.s.b.f.s.DefaultListableBeanFactory     : Creating shared instance of singleton bean 'org.springframework.boot.autoconfigure.AutoConfigurationPackages'
2025-02-24T15:31:58.632-05:00 DEBUG 39854 --- [persona_predictor] [    Test worker] o.s.b.a.AutoConfigurationPackages        : @EnableAutoConfiguration was declared on a class in the package 'dc.on.persona_predictor'. Automatic @Repository and @Entity scanning is enabled.
2025-02-24T15:31:58.633-05:00 DEBUG 39854 --- [persona_predictor] [    Test worker] .s.d.r.c.RepositoryConfigurationDelegate : Scanning for JPA repositories in packages dc.on.persona_predictor.
2025-02-24T15:31:58.649-05:00 DEBUG 39854 --- [persona_predictor] [    Test worker] o.s.d.r.c.RepositoryComponentProvider    : Identified candidate component class: file [/Users/sharyl/Desktop/persona_predictor/build/classes/java/main/dc/on/persona_predictor/repository/UserDataRepository.class]
2025-02-24T15:31:58.688-05:00  INFO 39854 --- [persona_predictor] [    Test worker] .s.d.r.c.RepositoryConfigurationDelegate : Finished Spring Data repository scanning in 53 ms. Found 1 JPA repository interface.
2025-02-24T15:31:58.795-05:00 DEBUG 39854 --- [persona_predictor] [    Test worker] o.s.b.f.s.DefaultListableBeanFactory     : Creating shared instance of singleton bean 'springSecurityHandlerMappingIntrospectorBeanDefinitionRegistryPostProcessor'
2025-02-24T15:31:58.921-05:00 DEBUG 39854 --- [persona_predictor] [    Test worker] o.s.b.f.s.DefaultListableBeanFactory     : Creating shared instance of singleton bean 'propertySourcesPlaceholderConfigurer'
2025-02-24T15:31:58.934-05:00 DEBUG 39854 --- [persona_predictor] [    Test worker] o.s.b.f.s.DefaultListableBeanFactory     : Creating shared instance of singleton bean 'org.springframework.boot.test.mock.mockito.MockitoPostProcessor'
2025-02-24T15:31:58.937-05:00 DEBUG 39854 --- [persona_predictor] [    Test worker] o.s.b.f.s.DefaultListableBeanFactory     : Creating shared instance of singleton bean 'emBeanDefinitionRegistrarPostProcessor'
2025-02-24T15:31:58.938-05:00 DEBUG 39854 --- [persona_predictor] [    Test worker] o.s.b.f.s.DefaultListableBeanFactory     : Creating shared instance of singleton bean 'org.springframework.boot.sql.init.dependency.DatabaseInitializationDependencyConfigurer$DependsOnDatabaseInitializationPostProcessor'
2025-02-24T15:31:59.018-05:00 DEBUG 39854 --- [persona_predictor] [    Test worker] o.s.b.f.s.DefaultListableBeanFactory     : Creating shared instance of singleton bean 'org.springframework.context.event.internalEventListenerProcessor'
2025-02-24T15:31:59.020-05:00 DEBUG 39854 --- [persona_predictor] [    Test worker] o.s.b.f.s.DefaultListableBeanFactory     : Creating shared instance of singleton bean 'preserveErrorControllerTargetClassPostProcessor'
2025-02-24T15:31:59.021-05:00 DEBUG 39854 --- [persona_predictor] [    Test worker] o.s.b.f.s.DefaultListableBeanFactory     : Creating shared instance of singleton bean 'conversionServicePostProcessor'
2025-02-24T15:31:59.028-05:00 DEBUG 39854 --- [persona_predictor] [    Test worker] o.s.b.f.s.DefaultListableBeanFactory     : Creating shared instance of singleton bean 'org.springframework.context.event.internalEventListenerFactory'
2025-02-24T15:31:59.029-05:00 DEBUG 39854 --- [persona_predictor] [    Test worker] o.s.b.f.s.DefaultListableBeanFactory     : Creating shared instance of singleton bean 'org.springframework.transaction.config.internalTransactionalEventListenerFactory'
2025-02-24T15:31:59.038-05:00 DEBUG 39854 --- [persona_predictor] [    Test worker] o.s.b.f.s.DefaultListableBeanFactory     : Creating shared instance of singleton bean 'org.springframework.boot.test.mock.mockito.MockitoPostProcessor$SpyPostProcessor'
2025-02-24T15:31:59.041-05:00 DEBUG 39854 --- [persona_predictor] [    Test worker] o.s.b.f.s.DefaultListableBeanFactory     : Creating shared instance of singleton bean 'org.springframework.context.annotation.internalAutowiredAnnotationProcessor'
2025-02-24T15:31:59.042-05:00 DEBUG 39854 --- [persona_predictor] [    Test worker] o.s.b.f.s.DefaultListableBeanFactory     : Creating shared instance of singleton bean 'org.springframework.context.annotation.internalCommonAnnotationProcessor'
2025-02-24T15:31:59.044-05:00 DEBUG 39854 --- [persona_predictor] [    Test worker] o.s.b.f.s.DefaultListableBeanFactory     : Creating shared instance of singleton bean 'org.springframework.context.annotation.internalPersistenceAnnotationProcessor'
2025-02-24T15:31:59.045-05:00 DEBUG 39854 --- [persona_predictor] [    Test worker] o.s.b.f.s.DefaultListableBeanFactory     : Creating shared instance of singleton bean 'org.springframework.boot.context.properties.ConfigurationPropertiesBindingPostProcessor'
2025-02-24T15:31:59.045-05:00 DEBUG 39854 --- [persona_predictor] [    Test worker] o.s.b.f.s.DefaultListableBeanFactory     : Creating shared instance of singleton bean 'org.springframework.boot.context.internalConfigurationPropertiesBinder'
2025-02-24T15:31:59.051-05:00 DEBUG 39854 --- [persona_predictor] [    Test worker] o.s.b.f.s.DefaultListableBeanFactory     : Creating shared instance of singleton bean 'jdbcConnectionDetailsHikariBeanPostProcessor'
2025-02-24T15:31:59.056-05:00 DEBUG 39854 --- [persona_predictor] [    Test worker] o.s.b.f.s.DefaultListableBeanFactory     : Creating shared instance of singleton bean 'org.springframework.aop.config.internalAutoProxyCreator'
2025-02-24T15:31:59.079-05:00 DEBUG 39854 --- [persona_predictor] [    Test worker] o.s.b.f.s.DefaultListableBeanFactory     : Creating shared instance of singleton bean 'persistenceExceptionTranslationPostProcessor'
2025-02-24T15:31:59.082-05:00 DEBUG 39854 --- [persona_predictor] [    Test worker] o.s.b.f.s.DefaultListableBeanFactory     : Autowiring by type from bean name 'persistenceExceptionTranslationPostProcessor' via factory method to bean named 'environment'
2025-02-24T15:31:59.087-05:00 DEBUG 39854 --- [persona_predictor] [    Test worker] o.s.b.f.s.DefaultListableBeanFactory     : Creating shared instance of singleton bean 'webServerFactoryCustomizerBeanPostProcessor'
2025-02-24T15:31:59.088-05:00 DEBUG 39854 --- [persona_predictor] [    Test worker] o.s.b.f.s.DefaultListableBeanFactory     : Creating shared instance of singleton bean 'errorPageRegistrarBeanPostProcessor'
2025-02-24T15:31:59.089-05:00 DEBUG 39854 --- [persona_predictor] [    Test worker] o.s.b.f.s.DefaultListableBeanFactory     : Creating shared instance of singleton bean 'healthEndpointGroupsBeanPostProcessor'
2025-02-24T15:31:59.093-05:00 DEBUG 39854 --- [persona_predictor] [    Test worker] o.s.b.f.s.DefaultListableBeanFactory     : Creating shared instance of singleton bean 'org.springframework.transaction.config.internalTransactionAdvisor'
2025-02-24T15:31:59.094-05:00 DEBUG 39854 --- [persona_predictor] [    Test worker] o.s.b.f.s.DefaultListableBeanFactory     : Creating shared instance of singleton bean 'org.springframework.transaction.annotation.ProxyTransactionManagementConfiguration'
2025-02-24T15:31:59.121-05:00 DEBUG 39854 --- [persona_predictor] [    Test worker] .s.a.a.a.ReflectiveAspectJAdvisorFactory : Found AspectJ method: public java.lang.Object io.micrometer.observation.aop.ObservedAspect.observeClass(org.aspectj.lang.ProceedingJoinPoint) throws java.lang.Throwable
2025-02-24T15:31:59.123-05:00 DEBUG 39854 --- [persona_predictor] [    Test worker] .s.a.a.a.ReflectiveAspectJAdvisorFactory : Found AspectJ method: public java.lang.Object io.micrometer.observation.aop.ObservedAspect.observeMethod(org.aspectj.lang.ProceedingJoinPoint) throws java.lang.Throwable
2025-02-24T15:31:59.484-05:00 DEBUG 39854 --- [persona_predictor] [    Test worker] o.s.b.f.s.DefaultListableBeanFactory     : Creating shared instance of singleton bean 'transactionAttributeSource'
2025-02-24T15:31:59.524-05:00 DEBUG 39854 --- [persona_predictor] [    Test worker] o.s.b.f.s.DefaultListableBeanFactory     : Creating shared instance of singleton bean 'transactionInterceptor'
2025-02-24T15:31:59.526-05:00 DEBUG 39854 --- [persona_predictor] [    Test worker] o.s.b.f.s.DefaultListableBeanFactory     : Autowiring by type from bean name 'transactionInterceptor' via factory method to bean named 'transactionAttributeSource'
2025-02-24T15:31:59.533-05:00 DEBUG 39854 --- [persona_predictor] [    Test worker] o.s.b.f.s.DefaultListableBeanFactory     : Autowiring by type from bean name 'org.springframework.transaction.config.internalTransactionAdvisor' via factory method to bean named 'transactionAttributeSource'
2025-02-24T15:31:59.533-05:00 DEBUG 39854 --- [persona_predictor] [    Test worker] o.s.b.f.s.DefaultListableBeanFactory     : Autowiring by type from bean name 'org.springframework.transaction.config.internalTransactionAdvisor' via factory method to bean named 'transactionInterceptor'
2025-02-24T15:31:59.558-05:00 DEBUG 39854 --- [persona_predictor] [    Test worker] o.s.b.f.s.DefaultListableBeanFactory     : Creating shared instance of singleton bean 'meterRegistryPostProcessor'
2025-02-24T15:31:59.563-05:00 DEBUG 39854 --- [persona_predictor] [    Test worker] o.s.b.f.s.DefaultListableBeanFactory     : Autowiring by type from bean name 'meterRegistryPostProcessor' via factory method to bean named 'org.springframework.web.context.support.GenericWebApplicationContext@78c1a023'
2025-02-24T15:31:59.584-05:00 DEBUG 39854 --- [persona_predictor] [    Test worker] o.s.b.f.s.DefaultListableBeanFactory     : Creating shared instance of singleton bean 'metricsRepositoryMethodInvocationListenerBeanPostProcessor'
2025-02-24T15:31:59.596-05:00 DEBUG 39854 --- [persona_predictor] [    Test worker] o.s.b.f.s.DefaultListableBeanFactory     : Creating shared instance of singleton bean 'observationRegistryPostProcessor'
2025-02-24T15:31:59.603-05:00 DEBUG 39854 --- [persona_predictor] [    Test worker] o.s.b.f.s.DefaultListableBeanFactory     : Creating shared instance of singleton bean 'projectingArgumentResolverBeanPostProcessor'
2025-02-24T15:31:59.634-05:00 DEBUG 39854 --- [persona_predictor] [    Test worker] o.s.u.c.s.UiApplicationContextUtils      : Unable to locate ThemeSource with name 'themeSource': using default [org.springframework.ui.context.support.ResourceBundleThemeSource@7e050be1]
2025-02-24T15:31:59.642-05:00 DEBUG 39854 --- [persona_predictor] [    Test worker] o.s.b.f.s.DefaultListableBeanFactory     : Creating shared instance of singleton bean 'org.springframework.test.context.support.internalDynamicPropertyRegistrarBeanInitializer'
2025-02-24T15:31:59.653-05:00 DEBUG 39854 --- [persona_predictor] [    Test worker] o.s.b.f.s.DefaultListableBeanFactory     : Creating shared instance of singleton bean 'dataSourceScriptDatabaseInitializer'
2025-02-24T15:31:59.654-05:00 DEBUG 39854 --- [persona_predictor] [    Test worker] o.s.b.f.s.DefaultListableBeanFactory     : Creating shared instance of singleton bean 'org.springframework.boot.autoconfigure.sql.init.DataSourceInitializationConfiguration'
2025-02-24T15:31:59.663-05:00 DEBUG 39854 --- [persona_predictor] [    Test worker] o.s.b.f.s.DefaultListableBeanFactory     : Creating shared instance of singleton bean 'dataSource'
2025-02-24T15:31:59.663-05:00 DEBUG 39854 --- [persona_predictor] [    Test worker] o.s.b.f.s.DefaultListableBeanFactory     : Creating shared instance of singleton bean 'org.springframework.boot.autoconfigure.jdbc.DataSourceConfiguration$Hikari'
2025-02-24T15:31:59.672-05:00 DEBUG 39854 --- [persona_predictor] [    Test worker] o.s.b.f.s.DefaultListableBeanFactory     : Creating shared instance of singleton bean 'spring.datasource-org.springframework.boot.autoconfigure.jdbc.DataSourceProperties'
2025-02-24T15:31:59.676-05:00 DEBUG 39854 --- [persona_predictor] [    Test worker] o.s.b.f.s.DefaultListableBeanFactory     : Creating shared instance of singleton bean 'org.springframework.boot.context.properties.BoundConfigurationProperties'
2025-02-24T15:31:59.741-05:00 DEBUG 39854 --- [persona_predictor] [    Test worker] o.s.b.f.s.DefaultListableBeanFactory     : Creating shared instance of singleton bean 'jdbcConnectionDetails'
2025-02-24T15:31:59.742-05:00 DEBUG 39854 --- [persona_predictor] [    Test worker] o.s.b.f.s.DefaultListableBeanFactory     : Creating shared instance of singleton bean 'org.springframework.boot.autoconfigure.jdbc.DataSourceAutoConfiguration$PooledDataSourceConfiguration'
2025-02-24T15:31:59.746-05:00 DEBUG 39854 --- [persona_predictor] [    Test worker] o.s.b.f.s.DefaultListableBeanFactory     : Autowiring by type from bean name 'jdbcConnectionDetails' via factory method to bean named 'spring.datasource-org.springframework.boot.autoconfigure.jdbc.DataSourceProperties'
2025-02-24T15:31:59.753-05:00 DEBUG 39854 --- [persona_predictor] [    Test worker] o.s.b.f.s.DefaultListableBeanFactory     : Autowiring by type from bean name 'dataSource' via factory method to bean named 'spring.datasource-org.springframework.boot.autoconfigure.jdbc.DataSourceProperties'
2025-02-24T15:31:59.753-05:00 DEBUG 39854 --- [persona_predictor] [    Test worker] o.s.b.f.s.DefaultListableBeanFactory     : Autowiring by type from bean name 'dataSource' via factory method to bean named 'jdbcConnectionDetails'
2025-02-24T15:31:59.813-05:00 DEBUG 39854 --- [persona_predictor] [    Test worker] o.s.b.f.s.DefaultListableBeanFactory     : Creating shared instance of singleton bean 'spring.sql.init-org.springframework.boot.autoconfigure.sql.init.SqlInitializationProperties'
2025-02-24T15:31:59.827-05:00 DEBUG 39854 --- [persona_predictor] [    Test worker] o.s.b.f.s.DefaultListableBeanFactory     : Autowiring by type from bean name 'dataSourceScriptDatabaseInitializer' via factory method to bean named 'dataSource'
2025-02-24T15:31:59.829-05:00 DEBUG 39854 --- [persona_predictor] [    Test worker] o.s.b.f.s.DefaultListableBeanFactory     : Autowiring by type from bean name 'dataSourceScriptDatabaseInitializer' via factory method to bean named 'spring.sql.init-org.springframework.boot.autoconfigure.sql.init.SqlInitializationProperties'
2025-02-24T15:31:59.842-05:00 DEBUG 39854 --- [persona_predictor] [    Test worker] o.s.b.f.s.DefaultListableBeanFactory     : Creating shared instance of singleton bean 'entityManagerFactory'
2025-02-24T15:31:59.843-05:00 DEBUG 39854 --- [persona_predictor] [    Test worker] o.s.b.f.s.DefaultListableBeanFactory     : Creating shared instance of singleton bean 'org.springframework.boot.autoconfigure.orm.jpa.HibernateJpaConfiguration'
2025-02-24T15:31:59.847-05:00 DEBUG 39854 --- [persona_predictor] [    Test worker] o.s.b.f.s.DefaultListableBeanFactory     : Creating shared instance of singleton bean 'spring.jpa-org.springframework.boot.autoconfigure.orm.jpa.JpaProperties'
2025-02-24T15:31:59.865-05:00 DEBUG 39854 --- [persona_predictor] [    Test worker] o.s.b.f.s.DefaultListableBeanFactory     : Creating shared instance of singleton bean 'spring.jpa.hibernate-org.springframework.boot.autoconfigure.orm.jpa.HibernateProperties'
2025-02-24T15:31:59.870-05:00 DEBUG 39854 --- [persona_predictor] [    Test worker] o.s.b.f.s.DefaultListableBeanFactory     : Autowiring by type from bean name 'org.springframework.boot.autoconfigure.orm.jpa.HibernateJpaConfiguration' via constructor to bean named 'dataSource'
2025-02-24T15:31:59.870-05:00 DEBUG 39854 --- [persona_predictor] [    Test worker] o.s.b.f.s.DefaultListableBeanFactory     : Autowiring by type from bean name 'org.springframework.boot.autoconfigure.orm.jpa.HibernateJpaConfiguration' via constructor to bean named 'spring.jpa-org.springframework.boot.autoconfigure.orm.jpa.JpaProperties'
2025-02-24T15:31:59.870-05:00 DEBUG 39854 --- [persona_predictor] [    Test worker] o.s.b.f.s.DefaultListableBeanFactory     : Autowiring by type from bean name 'org.springframework.boot.autoconfigure.orm.jpa.HibernateJpaConfiguration' via constructor to bean named 'org.springframework.beans.factory.support.DefaultListableBeanFactory@4a8df3e2'
2025-02-24T15:31:59.870-05:00 DEBUG 39854 --- [persona_predictor] [    Test worker] o.s.b.f.s.DefaultListableBeanFactory     : Autowiring by type from bean name 'org.springframework.boot.autoconfigure.orm.jpa.HibernateJpaConfiguration' via constructor to bean named 'spring.jpa.hibernate-org.springframework.boot.autoconfigure.orm.jpa.HibernateProperties'
2025-02-24T15:31:59.876-05:00 DEBUG 39854 --- [persona_predictor] [    Test worker] o.s.b.f.s.DefaultListableBeanFactory     : Creating shared instance of singleton bean 'hikariPoolDataSourceMetadataProvider'
2025-02-24T15:31:59.877-05:00 DEBUG 39854 --- [persona_predictor] [    Test worker] o.s.b.f.s.DefaultListableBeanFactory     : Creating shared instance of singleton bean 'org.springframework.boot.autoconfigure.jdbc.metadata.DataSourcePoolMetadataProvidersConfiguration$HikariPoolDataSourceMetadataProviderConfiguration'
2025-02-24T15:31:59.903-05:00 DEBUG 39854 --- [persona_predictor] [    Test worker] o.s.b.f.s.DefaultListableBeanFactory     : Creating shared instance of singleton bean 'entityManagerFactoryBuilder'
2025-02-24T15:31:59.904-05:00 DEBUG 39854 --- [persona_predictor] [    Test worker] o.s.b.f.s.DefaultListableBeanFactory     : Creating shared instance of singleton bean 'jpaVendorAdapter'
2025-02-24T15:31:59.919-05:00 DEBUG 39854 --- [persona_predictor] [    Test worker] o.s.b.f.s.DefaultListableBeanFactory     : Autowiring by type from bean name 'entityManagerFactoryBuilder' via factory method to bean named 'jpaVendorAdapter'
2025-02-24T15:31:59.930-05:00 DEBUG 39854 --- [persona_predictor] [    Test worker] o.s.b.f.s.DefaultListableBeanFactory     : Creating shared instance of singleton bean 'persistenceManagedTypes'
2025-02-24T15:31:59.931-05:00 DEBUG 39854 --- [persona_predictor] [    Test worker] o.s.b.f.s.DefaultListableBeanFactory     : Autowiring by type from bean name 'persistenceManagedTypes' via factory method to bean named 'org.springframework.beans.factory.support.DefaultListableBeanFactory@4a8df3e2'
2025-02-24T15:31:59.931-05:00 DEBUG 39854 --- [persona_predictor] [    Test worker] o.s.b.f.s.DefaultListableBeanFactory     : Autowiring by type from bean name 'persistenceManagedTypes' via factory method to bean named 'org.springframework.web.context.support.GenericWebApplicationContext@78c1a023'
2025-02-24T15:31:59.945-05:00 DEBUG 39854 --- [persona_predictor] [    Test worker] o.s.b.f.s.DefaultListableBeanFactory     : Autowiring by type from bean name 'entityManagerFactory' via factory method to bean named 'entityManagerFactoryBuilder'
2025-02-24T15:31:59.946-05:00 DEBUG 39854 --- [persona_predictor] [    Test worker] o.s.b.f.s.DefaultListableBeanFactory     : Autowiring by type from bean name 'entityManagerFactory' via factory method to bean named 'persistenceManagedTypes'
2025-02-24T15:31:59.962-05:00 DEBUG 39854 --- [persona_predictor] [    Test worker] j.LocalContainerEntityManagerFactoryBean : Building JPA container EntityManagerFactory for persistence unit 'default'
2025-02-24T15:31:59.978-05:00 DEBUG 39854 --- [persona_predictor] [    Test worker] o.hibernate.jpa.internal.util.LogHelper  : PersistenceUnitInfo [
	name: default
	persistence provider classname: null
	classloader: jdk.internal.loader.ClassLoaders$AppClassLoader@2c854dc5
	excludeUnlistedClasses: true
	JTA datasource: null
	Non JTA datasource: HikariDataSource (null)
	Transaction type: RESOURCE_LOCAL
	PU root URL: file:/Users/sharyl/Desktop/persona_predictor/build/classes/java/test/
	Shared Cache Mode: UNSPECIFIED
	Validation Mode: AUTO
	Jar files URLs []
	Managed classes names [
		dc.on.persona_predictor.entity.UserInfo]
	Mapping files names []
	Properties []
2025-02-24T15:31:59.984-05:00 DEBUG 39854 --- [persona_predictor] [    Test worker] o.h.i.internal.IntegratorServiceImpl     : Adding Integrator [org.hibernate.boot.beanvalidation.BeanValidationIntegrator].
2025-02-24T15:31:59.986-05:00 DEBUG 39854 --- [persona_predictor] [    Test worker] o.h.i.internal.IntegratorServiceImpl     : Adding Integrator [org.hibernate.cache.internal.CollectionCacheInvalidator].
2025-02-24T15:32:00.020-05:00  INFO 39854 --- [persona_predictor] [    Test worker] org.hibernate.Version                    : HHH000412: Hibernate ORM core version 6.6.5.Final
2025-02-24T15:32:00.021-05:00 DEBUG 39854 --- [persona_predictor] [    Test worker] org.hibernate.cfg.Environment            : HHH000206: 'hibernate.properties' not found
2025-02-24T15:32:00.038-05:00 DEBUG 39854 --- [persona_predictor] [    Test worker] org.hibernate.orm.idgen.factory          : Registering IdentifierGenerator strategy [uuid2] -> [org.hibernate.id.UUIDGenerator]
2025-02-24T15:32:00.039-05:00 DEBUG 39854 --- [persona_predictor] [    Test worker] org.hibernate.orm.idgen.factory          : Registering IdentifierGenerator strategy [guid] -> [org.hibernate.id.GUIDGenerator]
2025-02-24T15:32:00.040-05:00 DEBUG 39854 --- [persona_predictor] [    Test worker] org.hibernate.orm.idgen.factory          : Registering IdentifierGenerator strategy [uuid] -> [org.hibernate.id.UUIDHexGenerator]
2025-02-24T15:32:00.041-05:00 DEBUG 39854 --- [persona_predictor] [    Test worker] org.hibernate.orm.idgen.factory          : Registering IdentifierGenerator strategy [uuid.hex] -> [org.hibernate.id.UUIDHexGenerator]
2025-02-24T15:32:00.041-05:00 DEBUG 39854 --- [persona_predictor] [    Test worker] org.hibernate.orm.idgen.factory          : Registering IdentifierGenerator strategy [assigned] -> [org.hibernate.id.Assigned]
2025-02-24T15:32:00.042-05:00 DEBUG 39854 --- [persona_predictor] [    Test worker] org.hibernate.orm.idgen.factory          : Registering IdentifierGenerator strategy [identity] -> [org.hibernate.id.IdentityGenerator]
2025-02-24T15:32:00.042-05:00 DEBUG 39854 --- [persona_predictor] [    Test worker] org.hibernate.orm.idgen.factory          : Registering IdentifierGenerator strategy [select] -> [org.hibernate.id.SelectGenerator]
2025-02-24T15:32:00.043-05:00 DEBUG 39854 --- [persona_predictor] [    Test worker] org.hibernate.orm.idgen.factory          : Registering IdentifierGenerator strategy [sequence] -> [org.hibernate.id.enhanced.SequenceStyleGenerator]
2025-02-24T15:32:00.043-05:00 DEBUG 39854 --- [persona_predictor] [    Test worker] org.hibernate.orm.idgen.factory          : Registering IdentifierGenerator strategy [increment] -> [org.hibernate.id.IncrementGenerator]
2025-02-24T15:32:00.044-05:00 DEBUG 39854 --- [persona_predictor] [    Test worker] org.hibernate.orm.idgen.factory          : Registering IdentifierGenerator strategy [foreign] -> [org.hibernate.id.ForeignGenerator]
2025-02-24T15:32:00.044-05:00 DEBUG 39854 --- [persona_predictor] [    Test worker] org.hibernate.orm.idgen.factory          : Registering IdentifierGenerator strategy [enhanced-sequence] -> [org.hibernate.id.enhanced.SequenceStyleGenerator]
2025-02-24T15:32:00.046-05:00 DEBUG 39854 --- [persona_predictor] [    Test worker] org.hibernate.orm.idgen.factory          : Registering IdentifierGenerator strategy [enhanced-table] -> [org.hibernate.id.enhanced.TableGenerator]
2025-02-24T15:32:00.051-05:00 DEBUG 39854 --- [persona_predictor] [    Test worker] o.h.c.internal.RegionFactoryInitiator    : Cannot default RegionFactory based on registered strategies as `[]` RegionFactory strategies were registered
2025-02-24T15:32:00.053-05:00  INFO 39854 --- [persona_predictor] [    Test worker] o.h.c.internal.RegionFactoryInitiator    : HHH000026: Second-level cache disabled
2025-02-24T15:32:00.111-05:00 DEBUG 39854 --- [persona_predictor] [    Test worker] org.hibernate.type.BasicTypeRegistry     : Adding type registration boolean -> org.hibernate.type.BasicTypeReference@75c33608
2025-02-24T15:32:00.111-05:00 DEBUG 39854 --- [persona_predictor] [    Test worker] org.hibernate.type.BasicTypeRegistry     : Adding type registration boolean -> org.hibernate.type.BasicTypeReference@75c33608
2025-02-24T15:32:00.111-05:00 DEBUG 39854 --- [persona_predictor] [    Test worker] org.hibernate.type.BasicTypeRegistry     : Adding type registration java.lang.Boolean -> org.hibernate.type.BasicTypeReference@75c33608
2025-02-24T15:32:00.111-05:00 DEBUG 39854 --- [persona_predictor] [    Test worker] org.hibernate.type.BasicTypeRegistry     : Adding type registration numeric_boolean -> org.hibernate.type.BasicTypeReference@25464154
2025-02-24T15:32:00.111-05:00 DEBUG 39854 --- [persona_predictor] [    Test worker] org.hibernate.type.BasicTypeRegistry     : Adding type registration org.hibernate.type.NumericBooleanConverter -> org.hibernate.type.BasicTypeReference@25464154
2025-02-24T15:32:00.112-05:00 DEBUG 39854 --- [persona_predictor] [    Test worker] org.hibernate.type.BasicTypeRegistry     : Adding type registration true_false -> org.hibernate.type.BasicTypeReference@58ebee9
2025-02-24T15:32:00.112-05:00 DEBUG 39854 --- [persona_predictor] [    Test worker] org.hibernate.type.BasicTypeRegistry     : Adding type registration org.hibernate.type.TrueFalseConverter -> org.hibernate.type.BasicTypeReference@58ebee9
2025-02-24T15:32:00.112-05:00 DEBUG 39854 --- [persona_predictor] [    Test worker] org.hibernate.type.BasicTypeRegistry     : Adding type registration yes_no -> org.hibernate.type.BasicTypeReference@131c0b6f
2025-02-24T15:32:00.112-05:00 DEBUG 39854 --- [persona_predictor] [    Test worker] org.hibernate.type.BasicTypeRegistry     : Adding type registration org.hibernate.type.YesNoConverter -> org.hibernate.type.BasicTypeReference@131c0b6f
2025-02-24T15:32:00.112-05:00 DEBUG 39854 --- [persona_predictor] [    Test worker] org.hibernate.type.BasicTypeRegistry     : Adding type registration byte -> org.hibernate.type.BasicTypeReference@7f030c72
2025-02-24T15:32:00.112-05:00 DEBUG 39854 --- [persona_predictor] [    Test worker] org.hibernate.type.BasicTypeRegistry     : Adding type registration byte -> org.hibernate.type.BasicTypeReference@7f030c72
2025-02-24T15:32:00.112-05:00 DEBUG 39854 --- [persona_predictor] [    Test worker] org.hibernate.type.BasicTypeRegistry     : Adding type registration java.lang.Byte -> org.hibernate.type.BasicTypeReference@7f030c72
2025-02-24T15:32:00.113-05:00 DEBUG 39854 --- [persona_predictor] [    Test worker] org.hibernate.type.BasicTypeRegistry     : Adding type registration binary -> org.hibernate.type.BasicTypeReference@68d8ae27
2025-02-24T15:32:00.114-05:00 DEBUG 39854 --- [persona_predictor] [    Test worker] org.hibernate.type.BasicTypeRegistry     : Adding type registration byte[] -> org.hibernate.type.BasicTypeReference@68d8ae27
2025-02-24T15:32:00.114-05:00 DEBUG 39854 --- [persona_predictor] [    Test worker] org.hibernate.type.BasicTypeRegistry     : Adding type registration [B -> org.hibernate.type.BasicTypeReference@68d8ae27
2025-02-24T15:32:00.115-05:00 DEBUG 39854 --- [persona_predictor] [    Test worker] org.hibernate.type.BasicTypeRegistry     : Adding type registration binary_wrapper -> org.hibernate.type.BasicTypeReference@18513c23
2025-02-24T15:32:00.115-05:00 DEBUG 39854 --- [persona_predictor] [    Test worker] org.hibernate.type.BasicTypeRegistry     : Adding type registration wrapper-binary -> org.hibernate.type.BasicTypeReference@18513c23
2025-02-24T15:32:00.115-05:00 DEBUG 39854 --- [persona_predictor] [    Test worker] org.hibernate.type.BasicTypeRegistry     : Adding type registration image -> org.hibernate.type.BasicTypeReference@6be50b35
2025-02-24T15:32:00.115-05:00 DEBUG 39854 --- [persona_predictor] [    Test worker] org.hibernate.type.BasicTypeRegistry     : Adding type registration blob -> org.hibernate.type.BasicTypeReference@ce2eaa7
2025-02-24T15:32:00.116-05:00 DEBUG 39854 --- [persona_predictor] [    Test worker] org.hibernate.type.BasicTypeRegistry     : Adding type registration java.sql.Blob -> org.hibernate.type.BasicTypeReference@ce2eaa7
2025-02-24T15:32:00.116-05:00 DEBUG 39854 --- [persona_predictor] [    Test worker] org.hibernate.type.BasicTypeRegistry     : Adding type registration materialized_blob -> org.hibernate.type.BasicTypeReference@2166c48a
2025-02-24T15:32:00.116-05:00 DEBUG 39854 --- [persona_predictor] [    Test worker] org.hibernate.type.BasicTypeRegistry     : Adding type registration materialized_blob_wrapper -> org.hibernate.type.BasicTypeReference@304744a1
2025-02-24T15:32:00.116-05:00 DEBUG 39854 --- [persona_predictor] [    Test worker] org.hibernate.type.BasicTypeRegistry     : Adding type registration short -> org.hibernate.type.BasicTypeReference@73385d3f
2025-02-24T15:32:00.116-05:00 DEBUG 39854 --- [persona_predictor] [    Test worker] org.hibernate.type.BasicTypeRegistry     : Adding type registration short -> org.hibernate.type.BasicTypeReference@73385d3f
2025-02-24T15:32:00.116-05:00 DEBUG 39854 --- [persona_predictor] [    Test worker] org.hibernate.type.BasicTypeRegistry     : Adding type registration java.lang.Short -> org.hibernate.type.BasicTypeReference@73385d3f
2025-02-24T15:32:00.116-05:00 DEBUG 39854 --- [persona_predictor] [    Test worker] org.hibernate.type.BasicTypeRegistry     : Adding type registration integer -> org.hibernate.type.BasicTypeReference@6814262d
2025-02-24T15:32:00.116-05:00 DEBUG 39854 --- [persona_predictor] [    Test worker] org.hibernate.type.BasicTypeRegistry     : Adding type registration int -> org.hibernate.type.BasicTypeReference@6814262d
2025-02-24T15:32:00.116-05:00 DEBUG 39854 --- [persona_predictor] [    Test worker] org.hibernate.type.BasicTypeRegistry     : Adding type registration java.lang.Integer -> org.hibernate.type.BasicTypeReference@6814262d
2025-02-24T15:32:00.116-05:00 DEBUG 39854 --- [persona_predictor] [    Test worker] org.hibernate.type.BasicTypeRegistry     : Adding type registration long -> org.hibernate.type.BasicTypeReference@7fc1fd31
2025-02-24T15:32:00.116-05:00 DEBUG 39854 --- [persona_predictor] [    Test worker] org.hibernate.type.BasicTypeRegistry     : Adding type registration long -> org.hibernate.type.BasicTypeReference@7fc1fd31
2025-02-24T15:32:00.117-05:00 DEBUG 39854 --- [persona_predictor] [    Test worker] org.hibernate.type.BasicTypeRegistry     : Adding type registration java.lang.Long -> org.hibernate.type.BasicTypeReference@7fc1fd31
2025-02-24T15:32:00.117-05:00 DEBUG 39854 --- [persona_predictor] [    Test worker] org.hibernate.type.BasicTypeRegistry     : Adding type registration float -> org.hibernate.type.BasicTypeReference@75a9cc24
2025-02-24T15:32:00.117-05:00 DEBUG 39854 --- [persona_predictor] [    Test worker] org.hibernate.type.BasicTypeRegistry     : Adding type registration float -> org.hibernate.type.BasicTypeReference@75a9cc24
2025-02-24T15:32:00.117-05:00 DEBUG 39854 --- [persona_predictor] [    Test worker] org.hibernate.type.BasicTypeRegistry     : Adding type registration java.lang.Float -> org.hibernate.type.BasicTypeReference@75a9cc24
2025-02-24T15:32:00.117-05:00 DEBUG 39854 --- [persona_predictor] [    Test worker] org.hibernate.type.BasicTypeRegistry     : Adding type registration double -> org.hibernate.type.BasicTypeReference@4449a60b
2025-02-24T15:32:00.117-05:00 DEBUG 39854 --- [persona_predictor] [    Test worker] org.hibernate.type.BasicTypeRegistry     : Adding type registration double -> org.hibernate.type.BasicTypeReference@4449a60b
2025-02-24T15:32:00.117-05:00 DEBUG 39854 --- [persona_predictor] [    Test worker] org.hibernate.type.BasicTypeRegistry     : Adding type registration java.lang.Double -> org.hibernate.type.BasicTypeReference@4449a60b
2025-02-24T15:32:00.117-05:00 DEBUG 39854 --- [persona_predictor] [    Test worker] org.hibernate.type.BasicTypeRegistry     : Adding type registration big_integer -> org.hibernate.type.BasicTypeReference@da5d5e1
2025-02-24T15:32:00.117-05:00 DEBUG 39854 --- [persona_predictor] [    Test worker] org.hibernate.type.BasicTypeRegistry     : Adding type registration java.math.BigInteger -> org.hibernate.type.BasicTypeReference@da5d5e1
2025-02-24T15:32:00.117-05:00 DEBUG 39854 --- [persona_predictor] [    Test worker] org.hibernate.type.BasicTypeRegistry     : Adding type registration big_decimal -> org.hibernate.type.BasicTypeReference@7d7d8911
2025-02-24T15:32:00.117-05:00 DEBUG 39854 --- [persona_predictor] [    Test worker] org.hibernate.type.BasicTypeRegistry     : Adding type registration java.math.BigDecimal -> org.hibernate.type.BasicTypeReference@7d7d8911
2025-02-24T15:32:00.117-05:00 DEBUG 39854 --- [persona_predictor] [    Test worker] org.hibernate.type.BasicTypeRegistry     : Adding type registration character -> org.hibernate.type.BasicTypeReference@460eb276
2025-02-24T15:32:00.117-05:00 DEBUG 39854 --- [persona_predictor] [    Test worker] org.hibernate.type.BasicTypeRegistry     : Adding type registration char -> org.hibernate.type.BasicTypeReference@460eb276
2025-02-24T15:32:00.117-05:00 DEBUG 39854 --- [persona_predictor] [    Test worker] org.hibernate.type.BasicTypeRegistry     : Adding type registration java.lang.Character -> org.hibernate.type.BasicTypeReference@460eb276
2025-02-24T15:32:00.117-05:00 DEBUG 39854 --- [persona_predictor] [    Test worker] org.hibernate.type.BasicTypeRegistry     : Adding type registration character_nchar -> org.hibernate.type.BasicTypeReference@4ffe3d42
2025-02-24T15:32:00.117-05:00 DEBUG 39854 --- [persona_predictor] [    Test worker] org.hibernate.type.BasicTypeRegistry     : Adding type registration string -> org.hibernate.type.BasicTypeReference@6cd7f381
2025-02-24T15:32:00.117-05:00 DEBUG 39854 --- [persona_predictor] [    Test worker] org.hibernate.type.BasicTypeRegistry     : Adding type registration java.lang.String -> org.hibernate.type.BasicTypeReference@6cd7f381
2025-02-24T15:32:00.117-05:00 DEBUG 39854 --- [persona_predictor] [    Test worker] org.hibernate.type.BasicTypeRegistry     : Adding type registration nstring -> org.hibernate.type.BasicTypeReference@7df3da0b
2025-02-24T15:32:00.120-05:00 DEBUG 39854 --- [persona_predictor] [    Test worker] org.hibernate.type.BasicTypeRegistry     : Adding type registration characters -> org.hibernate.type.BasicTypeReference@4e5d5ac1
2025-02-24T15:32:00.120-05:00 DEBUG 39854 --- [persona_predictor] [    Test worker] org.hibernate.type.BasicTypeRegistry     : Adding type registration char[] -> org.hibernate.type.BasicTypeReference@4e5d5ac1
2025-02-24T15:32:00.120-05:00 DEBUG 39854 --- [persona_predictor] [    Test worker] org.hibernate.type.BasicTypeRegistry     : Adding type registration [C -> org.hibernate.type.BasicTypeReference@4e5d5ac1
2025-02-24T15:32:00.120-05:00 DEBUG 39854 --- [persona_predictor] [    Test worker] org.hibernate.type.BasicTypeRegistry     : Adding type registration wrapper-characters -> org.hibernate.type.BasicTypeReference@70777a65
2025-02-24T15:32:00.120-05:00 DEBUG 39854 --- [persona_predictor] [    Test worker] org.hibernate.type.BasicTypeRegistry     : Adding type registration text -> org.hibernate.type.BasicTypeReference@236fd411
2025-02-24T15:32:00.120-05:00 DEBUG 39854 --- [persona_predictor] [    Test worker] org.hibernate.type.BasicTypeRegistry     : Adding type registration ntext -> org.hibernate.type.BasicTypeReference@402f61f5
2025-02-24T15:32:00.120-05:00 DEBUG 39854 --- [persona_predictor] [    Test worker] org.hibernate.type.BasicTypeRegistry     : Adding type registration clob -> org.hibernate.type.BasicTypeReference@6480a063
2025-02-24T15:32:00.120-05:00 DEBUG 39854 --- [persona_predictor] [    Test worker] org.hibernate.type.BasicTypeRegistry     : Adding type registration java.sql.Clob -> org.hibernate.type.BasicTypeReference@6480a063
2025-02-24T15:32:00.120-05:00 DEBUG 39854 --- [persona_predictor] [    Test worker] org.hibernate.type.BasicTypeRegistry     : Adding type registration nclob -> org.hibernate.type.BasicTypeReference@2f6f4ac4
2025-02-24T15:32:00.120-05:00 DEBUG 39854 --- [persona_predictor] [    Test worker] org.hibernate.type.BasicTypeRegistry     : Adding type registration java.sql.NClob -> org.hibernate.type.BasicTypeReference@2f6f4ac4
2025-02-24T15:32:00.120-05:00 DEBUG 39854 --- [persona_predictor] [    Test worker] org.hibernate.type.BasicTypeRegistry     : Adding type registration materialized_clob -> org.hibernate.type.BasicTypeReference@727dcc64
2025-02-24T15:32:00.120-05:00 DEBUG 39854 --- [persona_predictor] [    Test worker] org.hibernate.type.BasicTypeRegistry     : Adding type registration materialized_clob_char_array -> org.hibernate.type.BasicTypeReference@49e62b17
2025-02-24T15:32:00.120-05:00 DEBUG 39854 --- [persona_predictor] [    Test worker] org.hibernate.type.BasicTypeRegistry     : Adding type registration materialized_clob_character_array -> org.hibernate.type.BasicTypeReference@288409f0
2025-02-24T15:32:00.120-05:00 DEBUG 39854 --- [persona_predictor] [    Test worker] org.hibernate.type.BasicTypeRegistry     : Adding type registration materialized_nclob -> org.hibernate.type.BasicTypeReference@7d685f4e
2025-02-24T15:32:00.120-05:00 DEBUG 39854 --- [persona_predictor] [    Test worker] org.hibernate.type.BasicTypeRegistry     : Adding type registration materialized_nclob_character_array -> org.hibernate.type.BasicTypeReference@61eab26b
2025-02-24T15:32:00.120-05:00 DEBUG 39854 --- [persona_predictor] [    Test worker] org.hibernate.type.BasicTypeRegistry     : Adding type registration materialized_nclob_char_array -> org.hibernate.type.BasicTypeReference@19ac93d2
2025-02-24T15:32:00.120-05:00 DEBUG 39854 --- [persona_predictor] [    Test worker] org.hibernate.type.BasicTypeRegistry     : Adding type registration Duration -> org.hibernate.type.BasicTypeReference@116fc29e
2025-02-24T15:32:00.120-05:00 DEBUG 39854 --- [persona_predictor] [    Test worker] org.hibernate.type.BasicTypeRegistry     : Adding type registration java.time.Duration -> org.hibernate.type.BasicTypeReference@116fc29e
2025-02-24T15:32:00.120-05:00 DEBUG 39854 --- [persona_predictor] [    Test worker] org.hibernate.type.BasicTypeRegistry     : Adding type registration LocalDateTime -> org.hibernate.type.BasicTypeReference@2e426dd2
2025-02-24T15:32:00.120-05:00 DEBUG 39854 --- [persona_predictor] [    Test worker] org.hibernate.type.BasicTypeRegistry     : Adding type registration java.time.LocalDateTime -> org.hibernate.type.BasicTypeReference@2e426dd2
2025-02-24T15:32:00.121-05:00 DEBUG 39854 --- [persona_predictor] [    Test worker] org.hibernate.type.BasicTypeRegistry     : Adding type registration LocalDate -> org.hibernate.type.BasicTypeReference@1a0ffb9b
2025-02-24T15:32:00.121-05:00 DEBUG 39854 --- [persona_predictor] [    Test worker] org.hibernate.type.BasicTypeRegistry     : Adding type registration java.time.LocalDate -> org.hibernate.type.BasicTypeReference@1a0ffb9b
2025-02-24T15:32:00.121-05:00 DEBUG 39854 --- [persona_predictor] [    Test worker] org.hibernate.type.BasicTypeRegistry     : Adding type registration LocalTime -> org.hibernate.type.BasicTypeReference@67c0c90b
2025-02-24T15:32:00.121-05:00 DEBUG 39854 --- [persona_predictor] [    Test worker] org.hibernate.type.BasicTypeRegistry     : Adding type registration java.time.LocalTime -> org.hibernate.type.BasicTypeReference@67c0c90b
2025-02-24T15:32:00.121-05:00 DEBUG 39854 --- [persona_predictor] [    Test worker] org.hibernate.type.BasicTypeRegistry     : Adding type registration OffsetDateTime -> org.hibernate.type.BasicTypeReference@8549c5f
2025-02-24T15:32:00.121-05:00 DEBUG 39854 --- [persona_predictor] [    Test worker] org.hibernate.type.BasicTypeRegistry     : Adding type registration java.time.OffsetDateTime -> org.hibernate.type.BasicTypeReference@8549c5f
2025-02-24T15:32:00.121-05:00 DEBUG 39854 --- [persona_predictor] [    Test worker] org.hibernate.type.BasicTypeRegistry     : Adding type registration OffsetDateTimeWithTimezone -> org.hibernate.type.BasicTypeReference@35454c7a
2025-02-24T15:32:00.121-05:00 DEBUG 39854 --- [persona_predictor] [    Test worker] org.hibernate.type.BasicTypeRegistry     : Adding type registration OffsetDateTimeWithoutTimezone -> org.hibernate.type.BasicTypeReference@50f3ba6a
2025-02-24T15:32:00.121-05:00 DEBUG 39854 --- [persona_predictor] [    Test worker] org.hibernate.type.BasicTypeRegistry     : Adding type registration OffsetTime -> org.hibernate.type.BasicTypeReference@319aa9ee
2025-02-24T15:32:00.121-05:00 DEBUG 39854 --- [persona_predictor] [    Test worker] org.hibernate.type.BasicTypeRegistry     : Adding type registration java.time.OffsetTime -> org.hibernate.type.BasicTypeReference@319aa9ee
2025-02-24T15:32:00.121-05:00 DEBUG 39854 --- [persona_predictor] [    Test worker] org.hibernate.type.BasicTypeRegistry     : Adding type registration OffsetTimeUtc -> org.hibernate.type.BasicTypeReference@1d806de6
2025-02-24T15:32:00.121-05:00 DEBUG 39854 --- [persona_predictor] [    Test worker] org.hibernate.type.BasicTypeRegistry     : Adding type registration OffsetTimeWithTimezone -> org.hibernate.type.BasicTypeReference@2b9d4b0
2025-02-24T15:32:00.122-05:00 DEBUG 39854 --- [persona_predictor] [    Test worker] org.hibernate.type.BasicTypeRegistry     : Adding type registration OffsetTimeWithoutTimezone -> org.hibernate.type.BasicTypeReference@4f541e67
2025-02-24T15:32:00.125-05:00 DEBUG 39854 --- [persona_predictor] [    Test worker] org.hibernate.type.BasicTypeRegistry     : Adding type registration ZonedDateTime -> org.hibernate.type.BasicTypeReference@2be50bba
2025-02-24T15:32:00.125-05:00 DEBUG 39854 --- [persona_predictor] [    Test worker] org.hibernate.type.BasicTypeRegistry     : Adding type registration java.time.ZonedDateTime -> org.hibernate.type.BasicTypeReference@2be50bba
2025-02-24T15:32:00.125-05:00 DEBUG 39854 --- [persona_predictor] [    Test worker] org.hibernate.type.BasicTypeRegistry     : Adding type registration ZonedDateTimeWithTimezone -> org.hibernate.type.BasicTypeReference@3514ac7d
2025-02-24T15:32:00.126-05:00 DEBUG 39854 --- [persona_predictor] [    Test worker] org.hibernate.type.BasicTypeRegistry     : Adding type registration ZonedDateTimeWithoutTimezone -> org.hibernate.type.BasicTypeReference@79c4f23b
2025-02-24T15:32:00.127-05:00 DEBUG 39854 --- [persona_predictor] [    Test worker] org.hibernate.type.BasicTypeRegistry     : Adding type registration date -> org.hibernate.type.BasicTypeReference@160c7c42
2025-02-24T15:32:00.129-05:00 DEBUG 39854 --- [persona_predictor] [    Test worker] org.hibernate.type.BasicTypeRegistry     : Adding type registration java.sql.Date -> org.hibernate.type.BasicTypeReference@160c7c42
2025-02-24T15:32:00.130-05:00 DEBUG 39854 --- [persona_predictor] [    Test worker] org.hibernate.type.BasicTypeRegistry     : Adding type registration time -> org.hibernate.type.BasicTypeReference@15371de2
2025-02-24T15:32:00.130-05:00 DEBUG 39854 --- [persona_predictor] [    Test worker] org.hibernate.type.BasicTypeRegistry     : Adding type registration java.sql.Time -> org.hibernate.type.BasicTypeReference@15371de2
2025-02-24T15:32:00.130-05:00 DEBUG 39854 --- [persona_predictor] [    Test worker] org.hibernate.type.BasicTypeRegistry     : Adding type registration timestamp -> org.hibernate.type.BasicTypeReference@5503c7d
2025-02-24T15:32:00.130-05:00 DEBUG 39854 --- [persona_predictor] [    Test worker] org.hibernate.type.BasicTypeRegistry     : Adding type registration java.sql.Timestamp -> org.hibernate.type.BasicTypeReference@5503c7d
2025-02-24T15:32:00.130-05:00 DEBUG 39854 --- [persona_predictor] [    Test worker] org.hibernate.type.BasicTypeRegistry     : Adding type registration java.util.Date -> org.hibernate.type.BasicTypeReference@5503c7d
2025-02-24T15:32:00.130-05:00 DEBUG 39854 --- [persona_predictor] [    Test worker] org.hibernate.type.BasicTypeRegistry     : Adding type registration calendar -> org.hibernate.type.BasicTypeReference@5b5b53c6
2025-02-24T15:32:00.130-05:00 DEBUG 39854 --- [persona_predictor] [    Test worker] org.hibernate.type.BasicTypeRegistry     : Adding type registration java.util.Calendar -> org.hibernate.type.BasicTypeReference@5b5b53c6
2025-02-24T15:32:00.132-05:00 DEBUG 39854 --- [persona_predictor] [    Test worker] org.hibernate.type.BasicTypeRegistry     : Adding type registration java.util.GregorianCalendar -> org.hibernate.type.BasicTypeReference@5b5b53c6
2025-02-24T15:32:00.133-05:00 DEBUG 39854 --- [persona_predictor] [    Test worker] org.hibernate.type.BasicTypeRegistry     : Adding type registration calendar_date -> org.hibernate.type.BasicTypeReference@2ec0ca83
2025-02-24T15:32:00.133-05:00 DEBUG 39854 --- [persona_predictor] [    Test worker] org.hibernate.type.BasicTypeRegistry     : Adding type registration calendar_time -> org.hibernate.type.BasicTypeReference@3350ab4
2025-02-24T15:32:00.133-05:00 DEBUG 39854 --- [persona_predictor] [    Test worker] org.hibernate.type.BasicTypeRegistry     : Adding type registration instant -> org.hibernate.type.BasicTypeReference@7827d7b
2025-02-24T15:32:00.133-05:00 DEBUG 39854 --- [persona_predictor] [    Test worker] org.hibernate.type.BasicTypeRegistry     : Adding type registration java.time.Instant -> org.hibernate.type.BasicTypeReference@7827d7b
2025-02-24T15:32:00.134-05:00 DEBUG 39854 --- [persona_predictor] [    Test worker] org.hibernate.type.BasicTypeRegistry     : Adding type registration uuid -> org.hibernate.type.BasicTypeReference@646cb2e
2025-02-24T15:32:00.134-05:00 DEBUG 39854 --- [persona_predictor] [    Test worker] org.hibernate.type.BasicTypeRegistry     : Adding type registration java.util.UUID -> org.hibernate.type.BasicTypeReference@646cb2e
2025-02-24T15:32:00.134-05:00 DEBUG 39854 --- [persona_predictor] [    Test worker] org.hibernate.type.BasicTypeRegistry     : Adding type registration pg-uuid -> org.hibernate.type.BasicTypeReference@646cb2e
2025-02-24T15:32:00.134-05:00 DEBUG 39854 --- [persona_predictor] [    Test worker] org.hibernate.type.BasicTypeRegistry     : Adding type registration uuid-binary -> org.hibernate.type.BasicTypeReference@2e7a9db7
2025-02-24T15:32:00.134-05:00 DEBUG 39854 --- [persona_predictor] [    Test worker] org.hibernate.type.BasicTypeRegistry     : Adding type registration uuid-char -> org.hibernate.type.BasicTypeReference@5315266
2025-02-24T15:32:00.134-05:00 DEBUG 39854 --- [persona_predictor] [    Test worker] org.hibernate.type.BasicTypeRegistry     : Adding type registration class -> org.hibernate.type.BasicTypeReference@11cc9e1e
2025-02-24T15:32:00.134-05:00 DEBUG 39854 --- [persona_predictor] [    Test worker] org.hibernate.type.BasicTypeRegistry     : Adding type registration java.lang.Class -> org.hibernate.type.BasicTypeReference@11cc9e1e
2025-02-24T15:32:00.134-05:00 DEBUG 39854 --- [persona_predictor] [    Test worker] org.hibernate.type.BasicTypeRegistry     : Adding type registration currency -> org.hibernate.type.BasicTypeReference@216328b2
2025-02-24T15:32:00.134-05:00 DEBUG 39854 --- [persona_predictor] [    Test worker] org.hibernate.type.BasicTypeRegistry     : Adding type registration Currency -> org.hibernate.type.BasicTypeReference@216328b2
2025-02-24T15:32:00.135-05:00 DEBUG 39854 --- [persona_predictor] [    Test worker] org.hibernate.type.BasicTypeRegistry     : Adding type registration java.util.Currency -> org.hibernate.type.BasicTypeReference@216328b2
2025-02-24T15:32:00.135-05:00 DEBUG 39854 --- [persona_predictor] [    Test worker] org.hibernate.type.BasicTypeRegistry     : Adding type registration locale -> org.hibernate.type.BasicTypeReference@54234569
2025-02-24T15:32:00.136-05:00 DEBUG 39854 --- [persona_predictor] [    Test worker] org.hibernate.type.BasicTypeRegistry     : Adding type registration java.util.Locale -> org.hibernate.type.BasicTypeReference@54234569
2025-02-24T15:32:00.137-05:00 DEBUG 39854 --- [persona_predictor] [    Test worker] org.hibernate.type.BasicTypeRegistry     : Adding type registration serializable -> org.hibernate.type.BasicTypeReference@21ea1d9d
2025-02-24T15:32:00.137-05:00 DEBUG 39854 --- [persona_predictor] [    Test worker] org.hibernate.type.BasicTypeRegistry     : Adding type registration java.io.Serializable -> org.hibernate.type.BasicTypeReference@21ea1d9d
2025-02-24T15:32:00.137-05:00 DEBUG 39854 --- [persona_predictor] [    Test worker] org.hibernate.type.BasicTypeRegistry     : Adding type registration timezone -> org.hibernate.type.BasicTypeReference@19f497aa
2025-02-24T15:32:00.137-05:00 DEBUG 39854 --- [persona_predictor] [    Test worker] org.hibernate.type.BasicTypeRegistry     : Adding type registration java.util.TimeZone -> org.hibernate.type.BasicTypeReference@19f497aa
2025-02-24T15:32:00.137-05:00 DEBUG 39854 --- [persona_predictor] [    Test worker] org.hibernate.type.BasicTypeRegistry     : Adding type registration ZoneOffset -> org.hibernate.type.BasicTypeReference@36a58466
2025-02-24T15:32:00.137-05:00 DEBUG 39854 --- [persona_predictor] [    Test worker] org.hibernate.type.BasicTypeRegistry     : Adding type registration java.time.ZoneOffset -> org.hibernate.type.BasicTypeReference@36a58466
2025-02-24T15:32:00.137-05:00 DEBUG 39854 --- [persona_predictor] [    Test worker] org.hibernate.type.BasicTypeRegistry     : Adding type registration url -> org.hibernate.type.BasicTypeReference@78e387d6
2025-02-24T15:32:00.139-05:00 DEBUG 39854 --- [persona_predictor] [    Test worker] org.hibernate.type.BasicTypeRegistry     : Adding type registration java.net.URL -> org.hibernate.type.BasicTypeReference@78e387d6
2025-02-24T15:32:00.139-05:00 DEBUG 39854 --- [persona_predictor] [    Test worker] org.hibernate.type.BasicTypeRegistry     : Adding type registration vector -> org.hibernate.type.BasicTypeReference@9147ba2
2025-02-24T15:32:00.140-05:00 DEBUG 39854 --- [persona_predictor] [    Test worker] org.hibernate.type.BasicTypeRegistry     : Adding type registration float_vector -> org.hibernate.type.BasicTypeReference@3460e4ed
2025-02-24T15:32:00.141-05:00 DEBUG 39854 --- [persona_predictor] [    Test worker] org.hibernate.type.BasicTypeRegistry     : Adding type registration double_vector -> org.hibernate.type.BasicTypeReference@2efcc0b3
2025-02-24T15:32:00.142-05:00 DEBUG 39854 --- [persona_predictor] [    Test worker] org.hibernate.type.BasicTypeRegistry     : Adding type registration byte_vector -> org.hibernate.type.BasicTypeReference@4a453f8d
2025-02-24T15:32:00.142-05:00 DEBUG 39854 --- [persona_predictor] [    Test worker] org.hibernate.type.BasicTypeRegistry     : Adding type registration row_version -> org.hibernate.type.BasicTypeReference@60a6840c
2025-02-24T15:32:00.152-05:00 DEBUG 39854 --- [persona_predictor] [    Test worker] org.hibernate.type.BasicTypeRegistry     : Adding type registration object -> org.hibernate.type.JavaObjectType@6e49b011
2025-02-24T15:32:00.153-05:00 DEBUG 39854 --- [persona_predictor] [    Test worker] org.hibernate.type.BasicTypeRegistry     : Adding type registration java.lang.Object -> org.hibernate.type.JavaObjectType@6e49b011
2025-02-24T15:32:00.155-05:00 DEBUG 39854 --- [persona_predictor] [    Test worker] org.hibernate.type.BasicTypeRegistry     : Adding type registration null -> org.hibernate.type.NullType@edbc2bf
2025-02-24T15:32:00.156-05:00 DEBUG 39854 --- [persona_predictor] [    Test worker] org.hibernate.type.BasicTypeRegistry     : Adding type registration imm_date -> org.hibernate.type.BasicTypeReference@3e01796a
2025-02-24T15:32:00.156-05:00 DEBUG 39854 --- [persona_predictor] [    Test worker] org.hibernate.type.BasicTypeRegistry     : Adding type registration imm_time -> org.hibernate.type.BasicTypeReference@62ab5e63
2025-02-24T15:32:00.156-05:00 DEBUG 39854 --- [persona_predictor] [    Test worker] org.hibernate.type.BasicTypeRegistry     : Adding type registration imm_timestamp -> org.hibernate.type.BasicTypeReference@e91facf
2025-02-24T15:32:00.156-05:00 DEBUG 39854 --- [persona_predictor] [    Test worker] org.hibernate.type.BasicTypeRegistry     : Adding type registration imm_calendar -> org.hibernate.type.BasicTypeReference@5e8f0f98
2025-02-24T15:32:00.156-05:00 DEBUG 39854 --- [persona_predictor] [    Test worker] org.hibernate.type.BasicTypeRegistry     : Adding type registration imm_calendar_date -> org.hibernate.type.BasicTypeReference@6bf0f70a
2025-02-24T15:32:00.156-05:00 DEBUG 39854 --- [persona_predictor] [    Test worker] org.hibernate.type.BasicTypeRegistry     : Adding type registration imm_calendar_time -> org.hibernate.type.BasicTypeReference@5310e451
2025-02-24T15:32:00.157-05:00 DEBUG 39854 --- [persona_predictor] [    Test worker] org.hibernate.type.BasicTypeRegistry     : Adding type registration imm_binary -> org.hibernate.type.BasicTypeReference@52d63b7e
2025-02-24T15:32:00.157-05:00 DEBUG 39854 --- [persona_predictor] [    Test worker] org.hibernate.type.BasicTypeRegistry     : Adding type registration imm_serializable -> org.hibernate.type.BasicTypeReference@74830d73
2025-02-24T15:32:00.162-05:00 DEBUG 39854 --- [persona_predictor] [    Test worker] o.h.boot.internal.BootstrapContextImpl   : Injecting JPA temp ClassLoader [org.springframework.instrument.classloading.SimpleThrowawayClassLoader@7c8df667] into BootstrapContext; was [null]
2025-02-24T15:32:00.162-05:00 DEBUG 39854 --- [persona_predictor] [    Test worker] o.h.boot.internal.ClassLoaderAccessImpl  : ClassLoaderAccessImpl#injectTempClassLoader(org.springframework.instrument.classloading.SimpleThrowawayClassLoader@7c8df667) [was null]
2025-02-24T15:32:00.163-05:00 DEBUG 39854 --- [persona_predictor] [    Test worker] o.h.boot.internal.BootstrapContextImpl   : Injecting ScanEnvironment [org.hibernate.jpa.boot.internal.StandardJpaScanEnvironmentImpl@37c87fcc] into BootstrapContext; was [null]
2025-02-24T15:32:00.163-05:00 DEBUG 39854 --- [persona_predictor] [    Test worker] o.h.boot.internal.BootstrapContextImpl   : Injecting ScanOptions [org.hibernate.boot.archive.scan.internal.StandardScanOptions@ca2be53] into BootstrapContext; was [org.hibernate.boot.archive.scan.internal.StandardScanOptions@78f5cbc5]
2025-02-24T15:32:00.343-05:00  INFO 39854 --- [persona_predictor] [    Test worker] o.s.o.j.p.SpringPersistenceUnitInfo      : No LoadTimeWeaver setup: ignoring JPA class transformer
2025-02-24T15:32:00.346-05:00 DEBUG 39854 --- [persona_predictor] [    Test worker] o.h.boot.internal.BootstrapContextImpl   : Injecting JPA temp ClassLoader [null] into BootstrapContext; was [org.springframework.instrument.classloading.SimpleThrowawayClassLoader@7c8df667]
2025-02-24T15:32:00.347-05:00 DEBUG 39854 --- [persona_predictor] [    Test worker] o.h.boot.internal.ClassLoaderAccessImpl  : ClassLoaderAccessImpl#injectTempClassLoader(null) [was org.springframework.instrument.classloading.SimpleThrowawayClassLoader@7c8df667]
2025-02-24T15:32:00.376-05:00  INFO 39854 --- [persona_predictor] [    Test worker] com.zaxxer.hikari.HikariDataSource       : HikariPool-1 - Starting...
2025-02-24T15:32:00.626-05:00  INFO 39854 --- [persona_predictor] [    Test worker] com.zaxxer.hikari.pool.HikariPool        : HikariPool-1 - Added connection org.postgresql.jdbc.PgConnection@64ef2719
2025-02-24T15:32:00.629-05:00  INFO 39854 --- [persona_predictor] [    Test worker] com.zaxxer.hikari.HikariDataSource       : HikariPool-1 - Start completed.
2025-02-24T15:32:00.634-05:00 DEBUG 39854 --- [persona_predictor] [    Test worker] o.h.e.j.e.i.JdbcEnvironmentInitiator     : Database ->
	   name : PostgreSQL
	version : 16.6
	  major : 16
	  minor : 6
2025-02-24T15:32:00.635-05:00 DEBUG 39854 --- [persona_predictor] [    Test worker] o.h.e.j.e.i.JdbcEnvironmentInitiator     : Driver ->
	   name : PostgreSQL JDBC Driver
	version : 42.7.5
	  major : 42
	  minor : 7
2025-02-24T15:32:00.636-05:00 DEBUG 39854 --- [persona_predictor] [    Test worker] o.h.e.j.e.i.JdbcEnvironmentInitiator     : JDBC version : 4.2
2025-02-24T15:32:00.669-05:00  WARN 39854 --- [persona_predictor] [    Test worker] org.hibernate.orm.deprecation            : HHH90000025: PostgreSQLDialect does not need to be specified explicitly using 'hibernate.dialect' (remove the property setting and it will be selected by default)
2025-02-24T15:32:00.671-05:00 DEBUG 39854 --- [persona_predictor] [    Test worker] org.hibernate.orm.dialect                : HHH035001: Using dialect: org.hibernate.dialect.PostgreSQLDialect, version: 16.6
2025-02-24T15:32:00.673-05:00 DEBUG 39854 --- [persona_predictor] [    Test worker] o.h.e.j.env.spi.IdentifierHelperBuilder  : JDBC driver metadata reported database stores quoted identifiers in neither upper, lower nor mixed case
2025-02-24T15:32:00.679-05:00 DEBUG 39854 --- [persona_predictor] [    Test worker] org.hibernate.orm.jdbc.lob               : HHH10010004: Disabling contextual LOB creation as Dialect reported it is not supported
2025-02-24T15:32:00.697-05:00  INFO 39854 --- [persona_predictor] [    Test worker] org.hibernate.orm.connections.pooling    : HHH10001005: Database info:
	Database JDBC URL [Connecting through datasource 'HikariDataSource (HikariPool-1)']
	Database driver: undefined/unknown
	Database version: 16.6
	Autocommit mode: undefined/unknown
	Isolation level: undefined/unknown
	Minimum pool size: undefined/unknown
	Maximum pool size: undefined/unknown
2025-02-24T15:32:00.705-05:00 DEBUG 39854 --- [persona_predictor] [    Test worker] o.h.t.d.sql.spi.DdlTypeRegistry          : addDescriptor(2003, org.hibernate.type.descriptor.sql.internal.ArrayDdlTypeImpl@383e6734) replaced previous registration(org.hibernate.type.descriptor.sql.internal.ArrayDdlTypeImpl@336070ab)
2025-02-24T15:32:00.706-05:00 DEBUG 39854 --- [persona_predictor] [    Test worker] o.h.t.d.sql.spi.DdlTypeRegistry          : addDescriptor(6, org.hibernate.type.descriptor.sql.internal.CapacityDependentDdlType@3be50b2c) replaced previous registration(org.hibernate.type.descriptor.sql.internal.DdlTypeImpl@6be80629)
2025-02-24T15:32:00.708-05:00 DEBUG 39854 --- [persona_predictor] [    Test worker] o.h.t.d.jdbc.spi.JdbcTypeRegistry        : addDescriptor(2004, BlobTypeDescriptor(BLOB_BINDING)) replaced previous registration(BlobTypeDescriptor(DEFAULT))
2025-02-24T15:32:00.708-05:00 DEBUG 39854 --- [persona_predictor] [    Test worker] o.h.t.d.jdbc.spi.JdbcTypeRegistry        : addDescriptor(2005, ClobTypeDescriptor(CLOB_BINDING)) replaced previous registration(ClobTypeDescriptor(DEFAULT))
2025-02-24T15:32:00.714-05:00 DEBUG 39854 --- [persona_predictor] [    Test worker] org.hibernate.type.BasicTypeRegistry     : Adding type registration JAVA_OBJECT -> org.hibernate.type.JavaObjectType@62c6db99
2025-02-24T15:32:00.714-05:00 DEBUG 39854 --- [persona_predictor] [    Test worker] org.hibernate.type.BasicTypeRegistry     : Adding type registration java.lang.Object -> org.hibernate.type.JavaObjectType@62c6db99
2025-02-24T15:32:00.714-05:00 DEBUG 39854 --- [persona_predictor] [    Test worker] org.hibernate.type.BasicTypeRegistry     : Type registration key [java.lang.Object] overrode previous entry : `org.hibernate.type.JavaObjectType@6e49b011`
2025-02-24T15:32:00.718-05:00 DEBUG 39854 --- [persona_predictor] [    Test worker] org.hibernate.type.BasicTypeRegistry     : Adding type registration org.hibernate.type.DurationType -> basicType@1(java.time.Duration,3015)
2025-02-24T15:32:00.718-05:00 DEBUG 39854 --- [persona_predictor] [    Test worker] org.hibernate.type.BasicTypeRegistry     : Adding type registration Duration -> basicType@1(java.time.Duration,3015)
2025-02-24T15:32:00.718-05:00 DEBUG 39854 --- [persona_predictor] [    Test worker] org.hibernate.type.BasicTypeRegistry     : Adding type registration java.time.Duration -> basicType@1(java.time.Duration,3015)
2025-02-24T15:32:00.721-05:00 DEBUG 39854 --- [persona_predictor] [    Test worker] org.hibernate.type.BasicTypeRegistry     : Adding type registration org.hibernate.type.OffsetDateTimeType -> basicType@2(java.time.OffsetDateTime,3003)
2025-02-24T15:32:00.722-05:00 DEBUG 39854 --- [persona_predictor] [    Test worker] org.hibernate.type.BasicTypeRegistry     : Adding type registration OffsetDateTime -> basicType@2(java.time.OffsetDateTime,3003)
2025-02-24T15:32:00.722-05:00 DEBUG 39854 --- [persona_predictor] [    Test worker] org.hibernate.type.BasicTypeRegistry     : Adding type registration java.time.OffsetDateTime -> basicType@2(java.time.OffsetDateTime,3003)
2025-02-24T15:32:00.723-05:00 DEBUG 39854 --- [persona_predictor] [    Test worker] org.hibernate.type.BasicTypeRegistry     : Adding type registration org.hibernate.type.ZonedDateTimeType -> basicType@3(java.time.ZonedDateTime,3003)
2025-02-24T15:32:00.723-05:00 DEBUG 39854 --- [persona_predictor] [    Test worker] org.hibernate.type.BasicTypeRegistry     : Adding type registration ZonedDateTime -> basicType@3(java.time.ZonedDateTime,3003)
2025-02-24T15:32:00.723-05:00 DEBUG 39854 --- [persona_predictor] [    Test worker] org.hibernate.type.BasicTypeRegistry     : Adding type registration java.time.ZonedDateTime -> basicType@3(java.time.ZonedDateTime,3003)
2025-02-24T15:32:00.723-05:00 DEBUG 39854 --- [persona_predictor] [    Test worker] org.hibernate.type.BasicTypeRegistry     : Adding type registration org.hibernate.type.OffsetTimeType -> basicType@4(java.time.OffsetTime,3007)
2025-02-24T15:32:00.724-05:00 DEBUG 39854 --- [persona_predictor] [    Test worker] org.hibernate.type.BasicTypeRegistry     : Adding type registration OffsetTime -> basicType@4(java.time.OffsetTime,3007)
2025-02-24T15:32:00.724-05:00 DEBUG 39854 --- [persona_predictor] [    Test worker] org.hibernate.type.BasicTypeRegistry     : Adding type registration java.time.OffsetTime -> basicType@4(java.time.OffsetTime,3007)
2025-02-24T15:32:00.725-05:00 DEBUG 39854 --- [persona_predictor] [    Test worker] o.h.type.spi.TypeConfiguration$Scope     : Scoping TypeConfiguration [org.hibernate.type.spi.TypeConfiguration@2e91cf69] to MetadataBuildingContext [org.hibernate.boot.internal.MetadataBuildingContextRootImpl@746e534]
2025-02-24T15:32:00.941-05:00 DEBUG 39854 --- [persona_predictor] [    Test worker] o.h.boot.model.relational.Namespace      : Created database namespace [logicalName=Name{catalog=null, schema=null}, physicalName=Name{catalog=null, schema=null}]
2025-02-24T15:32:00.980-05:00 DEBUG 39854 --- [persona_predictor] [    Test worker] o.h.boot.model.internal.EntityBinder     : Binding entity from annotated class: dc.on.persona_predictor.entity.UserInfo
2025-02-24T15:32:00.986-05:00 DEBUG 39854 --- [persona_predictor] [    Test worker] o.h.boot.model.internal.EntityBinder     : Import with entity name UserInfo
2025-02-24T15:32:00.989-05:00 DEBUG 39854 --- [persona_predictor] [    Test worker] o.h.boot.model.relational.Namespace      : Created database namespace [logicalName=Name{catalog=null, schema=persona_predictor}, physicalName=Name{catalog=null, schema=persona_predictor}]
2025-02-24T15:32:01.004-05:00 DEBUG 39854 --- [persona_predictor] [    Test worker] o.h.boot.model.internal.EntityBinder     : Bind entity dc.on.persona_predictor.entity.UserInfo on table user_info
2025-02-24T15:32:01.011-05:00 DEBUG 39854 --- [persona_predictor] [    Test worker] o.h.boot.model.internal.AnnotatedColumn  : Binding column: AnnotatedDiscriminatorColumn(column='DTYPE')
2025-02-24T15:32:01.029-05:00 DEBUG 39854 --- [persona_predictor] [    Test worker] o.h.boot.model.internal.AnnotatedColumn  : Binding column: AnnotatedColumn(column='user_id')
2025-02-24T15:32:01.030-05:00 DEBUG 39854 --- [persona_predictor] [    Test worker] o.h.boot.internal.ClassLoaderAccessImpl  : Not known whether passed class name [dc.on.persona_predictor.entity.UserInfo] is safe
2025-02-24T15:32:01.030-05:00 DEBUG 39854 --- [persona_predictor] [    Test worker] o.h.boot.internal.ClassLoaderAccessImpl  : No temp ClassLoader provided; using live ClassLoader for loading potentially unsafe class : dc.on.persona_predictor.entity.UserInfo
2025-02-24T15:32:01.032-05:00 DEBUG 39854 --- [persona_predictor] [    Test worker] o.h.boot.model.internal.PropertyBinder   : MetadataSourceProcessor property id with lazy=false
2025-02-24T15:32:01.034-05:00 DEBUG 39854 --- [persona_predictor] [    Test worker] o.h.b.m.internal.AbstractPropertyHolder  : Attempting to locate auto-apply AttributeConverter for property [dc.on.persona_predictor.entity.UserInfo:id]
2025-02-24T15:32:01.036-05:00 DEBUG 39854 --- [persona_predictor] [    Test worker] o.h.b.model.internal.BasicValueBinder    : building BasicValue for id
2025-02-24T15:32:01.038-05:00 DEBUG 39854 --- [persona_predictor] [    Test worker] org.hibernate.mapping.BasicValue         : Skipping column re-registration: user_info.user_id
2025-02-24T15:32:01.039-05:00 DEBUG 39854 --- [persona_predictor] [    Test worker] o.h.boot.model.internal.PropertyBinder   : Building property id
2025-02-24T15:32:01.042-05:00 DEBUG 39854 --- [persona_predictor] [    Test worker] o.h.boot.model.internal.BinderHelper     : #makeIdGenerator(BasicValue([Column(user_id)]), id, identity, , ...)
2025-02-24T15:32:01.043-05:00 DEBUG 39854 --- [persona_predictor] [    Test worker] o.h.boot.model.internal.AnnotatedColumn  : Binding column: AnnotatedColumn(column='email_id')
2025-02-24T15:32:01.043-05:00 DEBUG 39854 --- [persona_predictor] [    Test worker] o.h.boot.model.internal.PropertyBinder   : MetadataSourceProcessor property email_id with lazy=false
2025-02-24T15:32:01.043-05:00 DEBUG 39854 --- [persona_predictor] [    Test worker] o.h.b.m.internal.AbstractPropertyHolder  : Attempting to locate auto-apply AttributeConverter for property [dc.on.persona_predictor.entity.UserInfo:email_id]
2025-02-24T15:32:01.043-05:00 DEBUG 39854 --- [persona_predictor] [    Test worker] o.h.b.model.internal.BasicValueBinder    : building BasicValue for email_id
2025-02-24T15:32:01.044-05:00 DEBUG 39854 --- [persona_predictor] [    Test worker] org.hibernate.mapping.BasicValue         : Skipping column re-registration: user_info.email_id
2025-02-24T15:32:01.044-05:00 DEBUG 39854 --- [persona_predictor] [    Test worker] o.h.boot.model.internal.PropertyBinder   : Building property email_id
2025-02-24T15:32:01.044-05:00 DEBUG 39854 --- [persona_predictor] [    Test worker] o.h.boot.model.internal.AnnotatedColumn  : Binding column: AnnotatedColumn(column='password')
2025-02-24T15:32:01.044-05:00 DEBUG 39854 --- [persona_predictor] [    Test worker] o.h.boot.model.internal.PropertyBinder   : MetadataSourceProcessor property password with lazy=false
2025-02-24T15:32:01.044-05:00 DEBUG 39854 --- [persona_predictor] [    Test worker] o.h.b.m.internal.AbstractPropertyHolder  : Attempting to locate auto-apply AttributeConverter for property [dc.on.persona_predictor.entity.UserInfo:password]
2025-02-24T15:32:01.044-05:00 DEBUG 39854 --- [persona_predictor] [    Test worker] o.h.b.model.internal.BasicValueBinder    : building BasicValue for password
2025-02-24T15:32:01.045-05:00 DEBUG 39854 --- [persona_predictor] [    Test worker] org.hibernate.mapping.BasicValue         : Skipping column re-registration: user_info.password
2025-02-24T15:32:01.045-05:00 DEBUG 39854 --- [persona_predictor] [    Test worker] o.h.boot.model.internal.PropertyBinder   : Building property password
2025-02-24T15:32:01.045-05:00 DEBUG 39854 --- [persona_predictor] [    Test worker] o.h.boot.model.internal.AnnotatedColumn  : Binding column: AnnotatedColumn(column='user_name')
2025-02-24T15:32:01.046-05:00 DEBUG 39854 --- [persona_predictor] [    Test worker] o.h.boot.model.internal.PropertyBinder   : MetadataSourceProcessor property user_name with lazy=false
2025-02-24T15:32:01.046-05:00 DEBUG 39854 --- [persona_predictor] [    Test worker] o.h.b.m.internal.AbstractPropertyHolder  : Attempting to locate auto-apply AttributeConverter for property [dc.on.persona_predictor.entity.UserInfo:user_name]
2025-02-24T15:32:01.046-05:00 DEBUG 39854 --- [persona_predictor] [    Test worker] o.h.b.model.internal.BasicValueBinder    : building BasicValue for user_name
2025-02-24T15:32:01.046-05:00 DEBUG 39854 --- [persona_predictor] [    Test worker] org.hibernate.mapping.BasicValue         : Skipping column re-registration: user_info.user_name
2025-02-24T15:32:01.046-05:00 DEBUG 39854 --- [persona_predictor] [    Test worker] o.h.boot.model.internal.PropertyBinder   : Building property user_name
2025-02-24T15:32:01.047-05:00 DEBUG 39854 --- [persona_predictor] [    Test worker] o.h.b.r.c.i.ClassLoaderServiceImpl       : HHH000194: Package not found or no package-info.java: dc.on.persona_predictor.entity
2025-02-24T15:32:01.058-05:00 DEBUG 39854 --- [persona_predictor] [    Test worker] o.h.b.model.internal.BasicValueBinder    : Starting `BasicValueBinder#fillSimpleValue` for id
2025-02-24T15:32:01.058-05:00 DEBUG 39854 --- [persona_predictor] [    Test worker] o.h.b.model.internal.BasicValueBinder    : Starting `BasicValueBinder#fillSimpleValue` for email_id
2025-02-24T15:32:01.059-05:00 DEBUG 39854 --- [persona_predictor] [    Test worker] o.h.b.model.internal.BasicValueBinder    : Starting `BasicValueBinder#fillSimpleValue` for password
2025-02-24T15:32:01.059-05:00 DEBUG 39854 --- [persona_predictor] [    Test worker] o.h.b.model.internal.BasicValueBinder    : Starting `BasicValueBinder#fillSimpleValue` for user_name
2025-02-24T15:32:01.065-05:00 DEBUG 39854 --- [persona_predictor] [    Test worker] org.hibernate.mapping.PrimaryKey         : Forcing column [user_id] to be non-null as it is part of the primary key for table [user_info]
2025-02-24T15:32:01.188-05:00 DEBUG 39854 --- [persona_predictor] [    Test worker] o.hibernate.internal.SessionFactoryImpl  : Building session factory
2025-02-24T15:32:01.226-05:00 DEBUG 39854 --- [persona_predictor] [    Test worker] .h.s.i.SessionFactoryServiceRegistryImpl : EventListenerRegistry access via ServiceRegistry is deprecated.  Use `sessionFactory.getEventEngine().getListenerRegistry()` instead
2025-02-24T15:32:01.231-05:00 DEBUG 39854 --- [persona_predictor] [    Test worker] o.hibernate.internal.SessionFactoryImpl  : Instantiating SessionFactory with settings: {java.specification.version=21, hibernate.resource.beans.container=org.springframework.orm.hibernate5.SpringBeanContainer@39296cef, hibernate.connection.handling_mode=DELAYED_ACQUISITION_AND_HOLD, sun.jnu.encoding=UTF-8, hibernate.dialect=org.hibernate.dialect.PostgreSQLDialect, org.gradle.test.worker=3, hibernate.implicit_naming_strategy=org.springframework.boot.orm.jpa.hibernate.SpringImplicitNamingStrategy, java.class.path=/Users/sharyl/.gradle/caches/8.12.1/workerMain/gradle-worker.jar:/Users/sharyl/Desktop/persona_predictor/build/classes/java/test:/Users/sharyl/Desktop/persona_predictor/build/classes/java/main:/Users/sharyl/Desktop/persona_predictor/build/resources/main:/Users/sharyl/.gradle/caches/modules-2/files-2.1/org.springframework.boot/spring-boot-starter-actuator/3.4.2/667a1a4340d65ee7fde16f61ada4b3e35da9f566/spring-boot-starter-actuator-3.4.2.jar:/Users/sharyl/.gradle/caches/modules-2/files-2.1/org.springframework.boot/spring-boot-starter-data-jpa/3.4.2/b65a304b493807dff48bf114135dc4aa5f267927/spring-boot-starter-data-jpa-3.4.2.jar:/Users/sharyl/.gradle/caches/modules-2/files-2.1/org.springframework.boot/spring-boot-starter-security/3.4.2/b3102ed745b5e71f61bb5174c6a12275f0154dbb/spring-boot-starter-security-3.4.2.jar:/Users/sharyl/.gradle/caches/modules-2/files-2.1/org.springframework.boot/spring-boot-starter-web/3.4.2/cf1c8efe77dccf221acf5f0ce9cc24c718c0ca44/spring-boot-starter-web-3.4.2.jar:/Users/sharyl/.gradle/caches/modules-2/files-2.1/org.springdoc/springdoc-openapi-starter-webmvc-ui/2.1.0/f31615e90b61d18a46a701d5c10e9e505a49a984/springdoc-openapi-starter-webmvc-ui-2.1.0.jar:/Users/sharyl/.gradle/caches/modules-2/files-2.1/org.postgresql/postgresql/42.7.5/747897987b86c741fb8b56f6b81929ae1e6e4b46/postgresql-42.7.5.jar:/Users/sharyl/.gradle/caches/modules-2/files-2.1/org.springframework.boot/spring-boot-starter-test/3.4.2/d1372e0b45363ba2019b3f5f70bc52092ca2acf0/spring-boot-starter-test-3.4.2.jar:/Users/sharyl/.gradle/caches/modules-2/files-2.1/org.junit.jupiter/junit-jupiter/5.11.4/a699f024a4a4706b36bddbeb42d499aff9e09379/junit-jupiter-5.11.4.jar:/Users/sharyl/.gradle/caches/modules-2/files-2.1/org.junit.jupiter/junit-jupiter-engine/5.11.4/dc10ec209623986a68ea07f67cdc7d2a65a60355/junit-jupiter-engine-5.11.4.jar:/Users/sharyl/.gradle/caches/modules-2/files-2.1/org.junit.platform/junit-platform-engine/1.11.4/21f61b123ad6ac8f7e73971bff3a096c8d8e1cd0/junit-platform-engine-1.11.4.jar:/Users/sharyl/.gradle/caches/modules-2/files-2.1/org.mockito/mockito-junit-jupiter/5.14.2/3cfc377d4bb9fe729f3dd9098d9a9b27da58324a/mockito-junit-jupiter-5.14.2.jar:/Users/sharyl/.gradle/caches/modules-2/files-2.1/org.junit.jupiter/junit-jupiter-params/5.11.4/e4c86fbe2a39c60c6b87260ef7f7e7c1a1906481/junit-jupiter-params-5.11.4.jar:/Users/sharyl/.gradle/caches/modules-2/files-2.1/org.junit.jupiter/junit-jupiter-api/5.11.4/308315b28e667db4091b2ba1f7aa220d1ddadb97/junit-jupiter-api-5.11.4.jar:/Users/sharyl/.gradle/caches/modules-2/files-2.1/org.junit.platform/junit-platform-commons/1.11.4/8898eea3ed0da2641548d602c3e308804f166303/junit-platform-commons-1.11.4.jar:/Users/sharyl/.gradle/caches/modules-2/files-2.1/org.junit.platform/junit-platform-launcher/1.11.4/3d83c201899d8c5e74e1a5d628eab900342a0e48/junit-platform-launcher-1.11.4.jar:/Users/sharyl/.gradle/caches/modules-2/files-2.1/org.springframework.boot/spring-boot-starter-jdbc/3.4.2/a3698cab03ba6daaaa38c16df1b36c862e9e3e4b/spring-boot-starter-jdbc-3.4.2.jar:/Users/sharyl/.gradle/caches/modules-2/files-2.1/org.springframework.boot/spring-boot-starter-json/3.4.2/e413d51228ddaf6a9644533987faa0ae6e18fe47/spring-boot-starter-json-3.4.2.jar:/Users/sharyl/.gradle/caches/modules-2/files-2.1/org.springframework.boot/spring-boot-starter/3.4.2/9d914208449fce99a67d3def60957cdcc98b552a/spring-boot-starter-3.4.2.jar:/Users/sharyl/.gradle/caches/modules-2/files-2.1/org.springframework.boot/spring-boot-actuator-autoconfigure/3.4.2/d265afc28460f46189714e9c18e1cc5f94b953e3/spring-boot-actuator-autoconfigure-3.4.2.jar:/Users/sharyl/.gradle/caches/modules-2/files-2.1/io.micrometer/micrometer-jakarta9/1.14.3/a7611688d9290a647cc7fea5a1219ef4125d1e30/micrometer-jakarta9-1.14.3.jar:/Users/sharyl/.gradle/caches/modules-2/files-2.1/org.springframework.security/spring-security-web/6.4.2/733a3bbbdca56225676fb7f4e3f317c2075fc383/spring-security-web-6.4.2.jar:/Users/sharyl/.gradle/caches/modules-2/files-2.1/org.springdoc/springdoc-openapi-starter-webmvc-api/2.1.0/966fa4ae5e4fbd559062df6b7cb2ec2e9cf23a20/springdoc-openapi-starter-webmvc-api-2.1.0.jar:/Users/sharyl/.gradle/caches/modules-2/files-2.1/org.springframework/spring-webmvc/6.2.2/9b1aeb179ba9667bc78a4a5cec4ec8087db404d7/spring-webmvc-6.2.2.jar:/Users/sharyl/.gradle/caches/modules-2/files-2.1/org.springframework/spring-web/6.2.2/bd2ef98bf98b6ecf8dd29106ae27b7515524c21/spring-web-6.2.2.jar:/Users/sharyl/.gradle/caches/modules-2/files-2.1/io.micrometer/micrometer-core/1.14.3/8962714eb3a6bf97711765fbefe7f6ac28cae96f/micrometer-core-1.14.3.jar:/Users/sharyl/.gradle/caches/modules-2/files-2.1/org.springframework.data/spring-data-jpa/3.4.2/4213f2d185b49447057823f5ef9de41e931f4f2e/spring-data-jpa-3.4.2.jar:/Users/sharyl/.gradle/caches/modules-2/files-2.1/org.springframework.security/spring-security-config/6.4.2/5ed985329eb14b1c61045160c8dcbbcab179ddd3/spring-security-config-6.4.2.jar:/Users/sharyl/.gradle/caches/modules-2/files-2.1/org.springframework.boot/spring-boot-test-autoconfigure/3.4.2/157da7295ed44a4c3377f6940c03b030c854f741/spring-boot-test-autoconfigure-3.4.2.jar:/Users/sharyl/.gradle/caches/modules-2/files-2.1/org.springframework.boot/spring-boot-test/3.4.2/a13bb23179804f2627eb0f7ca9044359b128099f/spring-boot-test-3.4.2.jar:/Users/sharyl/.gradle/caches/modules-2/files-2.1/org.springdoc/springdoc-openapi-starter-common/2.1.0/5c66d613cf1a505be1a8b92e60a481dea2c9552c/springdoc-openapi-starter-common-2.1.0.jar:/Users/sharyl/.gradle/caches/modu
[...]

   SpringDocWebMvcConfiguration.SpringDocWebMvcActuatorConfiguration#actuatorProvider:
      Did not match:
         - @ConditionalOnExpression (#{${springdoc.show-actuator:false} or ${springdoc.use-management-port:false}}) resulted in false (OnExpressionCondition)

   SpringDocWebMvcConfiguration.SpringDocWebMvcActuatorConfiguration#openApiActuatorResource:
      Did not match:
         - @ConditionalOnProperty (springdoc.use-management-port) did not find property 'springdoc.use-management-port' (OnPropertyCondition)

   StackdriverMetricsExportAutoConfiguration:
      Did not match:
         - @ConditionalOnClass did not find required class 'io.micrometer.stackdriver.StackdriverMeterRegistry' (OnClassCondition)

   StartupEndpointAutoConfiguration:
      Did not match:
         - ApplicationStartup configured applicationStartup is of type class org.springframework.core.metrics.DefaultApplicationStartup, expected BufferingApplicationStartup. (StartupEndpointAutoConfiguration.ApplicationStartupCondition)

   StatsdMetricsExportAutoConfiguration:
      Did not match:
         - @ConditionalOnClass did not find required class 'io.micrometer.statsd.StatsdMeterRegistry' (OnClassCondition)

   SwaggerConfig#springWebProvider:
      Did not match:
         - @ConditionalOnMissingBean (types: org.springdoc.core.providers.SpringWebProvider; SearchStrategy: all) found beans of type 'org.springdoc.core.providers.SpringWebProvider' springWebProvider (OnBeanCondition)

   SwaggerConfig#swaggerUiConfigParameters:
      Did not match:
         - @ConditionalOnMissingBean (types: org.springdoc.core.properties.SwaggerUiConfigParameters; SearchStrategy: all) found beans of type 'org.springdoc.core.properties.SwaggerUiConfigParameters' org.springdoc.core.properties.SwaggerUiConfigParameters (OnBeanCondition)

   SwaggerConfig#swaggerUiHome:
      Did not match:
         - @ConditionalOnProperty (springdoc.swagger-ui.use-root-path=true) did not find property 'springdoc.swagger-ui.use-root-path' (OnPropertyCondition)

   SwaggerConfig.SwaggerActuatorWelcomeConfiguration:
      Did not match:
         - @ConditionalOnProperty (springdoc.use-management-port) did not find property 'springdoc.use-management-port' (OnPropertyCondition)
      Matched:
         - @ConditionalOnClass found required class 'org.springframework.boot.actuate.endpoint.web.servlet.WebMvcEndpointHandlerMapping' (OnClassCondition)

   TaskExecutorConfigurations.SimpleAsyncTaskExecutorBuilderConfiguration#simpleAsyncTaskExecutorBuilderVirtualThreads:
      Did not match:
         - @ConditionalOnMissingBean (types: org.springframework.boot.task.SimpleAsyncTaskExecutorBuilder; SearchStrategy: all) found beans of type 'org.springframework.boot.task.SimpleAsyncTaskExecutorBuilder' simpleAsyncTaskExecutorBuilder (OnBeanCondition)

   TaskExecutorConfigurations.TaskExecutorConfiguration#applicationTaskExecutorVirtualThreads:
      Did not match:
         - @ConditionalOnThreading did not find VIRTUAL (OnThreadingCondition)

   TaskSchedulingAutoConfiguration#scheduledBeanLazyInitializationExcludeFilter:
      Did not match:
         - @ConditionalOnBean (names: org.springframework.context.annotation.internalScheduledAnnotationProcessor; SearchStrategy: all) did not find any beans named org.springframework.context.annotation.internalScheduledAnnotationProcessor (OnBeanCondition)

   TaskSchedulingConfigurations.SimpleAsyncTaskSchedulerBuilderConfiguration#simpleAsyncTaskSchedulerBuilderVirtualThreads:
      Did not match:
         - @ConditionalOnMissingBean (types: org.springframework.boot.task.SimpleAsyncTaskSchedulerBuilder; SearchStrategy: all) found beans of type 'org.springframework.boot.task.SimpleAsyncTaskSchedulerBuilder' simpleAsyncTaskSchedulerBuilder (OnBeanCondition)

   TaskSchedulingConfigurations.TaskSchedulerConfiguration:
      Did not match:
         - @ConditionalOnBean (names: org.springframework.context.annotation.internalScheduledAnnotationProcessor; SearchStrategy: all) did not find any beans named org.springframework.context.annotation.internalScheduledAnnotationProcessor (OnBeanCondition)

   ThreadDumpEndpointAutoConfiguration:
      Did not match:
         - @ConditionalOnAvailableEndpoint not exposed (OnAvailableEndpointCondition)

   ThymeleafAutoConfiguration:
      Did not match:
         - @ConditionalOnClass did not find required class 'org.thymeleaf.spring6.SpringTemplateEngine' (OnClassCondition)

   TransactionAutoConfiguration#transactionalOperator:
      Did not match:
         - @ConditionalOnSingleCandidate (types: org.springframework.transaction.ReactiveTransactionManager; SearchStrategy: all) did not find any beans (OnBeanCondition)

   TransactionAutoConfiguration.AspectJTransactionManagementConfiguration:
      Did not match:
         - @ConditionalOnBean (types: org.springframework.transaction.aspectj.AbstractTransactionAspect; SearchStrategy: all) did not find any beans of type org.springframework.transaction.aspectj.AbstractTransactionAspect (OnBeanCondition)

   TransactionAutoConfiguration.EnableTransactionManagementConfiguration.JdkDynamicAutoProxyConfiguration:
      Did not match:
         - @ConditionalOnProperty (spring.aop.proxy-target-class=false) did not find property 'proxy-target-class' (OnPropertyCondition)

   ValidationAutoConfiguration:
      Did not match:
         - @ConditionalOnResource did not find resource 'classpath:META-INF/services/jakarta.validation.spi.ValidationProvider' (OnResourceCondition)
      Matched:
         - @ConditionalOnClass found required class 'jakarta.validation.executable.ExecutableValidator' (OnClassCondition)

   WavefrontAutoConfiguration:
      Did not match:
         - @ConditionalOnClass did not find required class 'com.wavefront.sdk.common.application.ApplicationTags' (OnClassCondition)

   WavefrontMetricsExportAutoConfiguration:
      Did not match:
         - @ConditionalOnClass did not find required class 'com.wavefront.sdk.common.WavefrontSender' (OnClassCondition)

   WavefrontTracingAutoConfiguration:
      Did not match:
         - @ConditionalOnClass did not find required class 'com.wavefront.sdk.common.WavefrontSender' (OnClassCondition)

   WebClientAutoConfiguration:
      Did not match:
         - @ConditionalOnClass did not find required class 'org.springframework.web.reactive.function.client.WebClient' (OnClassCondition)

   WebClientObservationConfiguration:
      Did not match:
         - @ConditionalOnClass did not find required class 'org.springframework.web.reactive.function.client.WebClient' (OnClassCondition)

   WebFluxAutoConfiguration:
      Did not match:
         - @ConditionalOnClass did not find required class 'org.springframework.web.reactive.config.WebFluxConfigurer' (OnClassCondition)

   WebFluxEndpointManagementContextConfiguration:
      Did not match:
         - @ConditionalOnClass did not find required class 'org.springframework.web.reactive.DispatcherHandler' (OnClassCondition)

   WebFluxObservationAutoConfiguration:
      Did not match:
         - @ConditionalOnWebApplication did not find reactive web application classes (OnWebApplicationCondition)

   WebMvcAutoConfiguration#hiddenHttpMethodFilter:
      Did not match:
         - @ConditionalOnProperty (spring.mvc.hiddenmethod.filter.enabled) did not find property 'enabled' (OnPropertyCondition)

   WebMvcAutoConfiguration.ProblemDetailsErrorHandlingConfiguration:
      Did not match:
         - @ConditionalOnProperty (spring.mvc.problemdetails.enabled=true) did not find property 'enabled' (OnPropertyCondition)

   WebMvcAutoConfiguration.ResourceChainCustomizerConfiguration:
      Did not match:
         - @ConditionalOnEnabledResourceChain did not find class org.webjars.WebJarVersionLocator (OnEnabledResourceChainCondition)

   WebMvcAutoConfiguration.WebMvcAutoConfigurationAdapter#beanNameViewResolver:
      Did not match:
         - @ConditionalOnMissingBean (types: org.springframework.web.servlet.view.BeanNameViewResolver; SearchStrategy: all) found beans of type 'org.springframework.web.servlet.view.BeanNameViewResolver' beanNameViewResolver (OnBeanCondition)

   WebMvcEndpointManagementContextConfiguration#managementHealthEndpointWebMvcHandlerMapping:
      Did not match:
         - Management Port actual port type (SAME) did not match required type (DIFFERENT) (OnManagementPortCondition)

   WebServiceTemplateAutoConfiguration:
      Did not match:
         - @ConditionalOnClass did not find required class 'org.springframework.oxm.Marshaller' (OnClassCondition)

   WebServicesAutoConfiguration:
      Did not match:
         - @ConditionalOnClass did not find required class 'org.springframework.ws.transport.http.MessageDispatcherServlet' (OnClassCondition)

   WebSessionIdResolverAutoConfiguration:
      Did not match:
         - @ConditionalOnClass did not find required class 'reactor.core.publisher.Mono' (OnClassCondition)

   WebSocketMessagingAutoConfiguration:
      Did not match:
         - @ConditionalOnClass did not find required class 'org.springframework.web.socket.config.annotation.WebSocketMessageBrokerConfigurer' (OnClassCondition)

   WebSocketReactiveAutoConfiguration:
      Did not match:
         - @ConditionalOnWebApplication did not find reactive web application classes (OnWebApplicationCondition)

   WebSocketServletAutoConfiguration.JettyWebSocketConfiguration:
      Did not match:
         - @ConditionalOnClass did not find required class 'org.eclipse.jetty.ee10.websocket.jakarta.server.config.JakartaWebSocketServletContainerInitializer' (OnClassCondition)

   WebSocketServletAutoConfiguration.UndertowWebSocketConfiguration:
      Did not match:
         - @ConditionalOnClass did not find required class 'io.undertow.websockets.jsr.Bootstrap' (OnClassCondition)

   XADataSourceAutoConfiguration:
      Did not match:
         - @ConditionalOnBean (types: org.springframework.boot.jdbc.XADataSourceWrapper; SearchStrategy: all) did not find any beans of type org.springframework.boot.jdbc.XADataSourceWrapper (OnBeanCondition)
      Matched:
         - @ConditionalOnClass found required classes 'javax.sql.DataSource', 'jakarta.transaction.TransactionManager', 'org.springframework.jdbc.datasource.embedded.EmbeddedDatabaseType' (OnClassCondition)

   ZipkinAutoConfiguration:
      Did not match:
         - @ConditionalOnClass did not find required class 'zipkin2.reporter.Encoding' (OnClassCondition)


Exclusions:
-----------

    None


Unconditional classes:
----------------------

    org.springframework.boot.autoconfigure.context.ConfigurationPropertiesAutoConfiguration

    org.springframework.boot.actuate.autoconfigure.availability.AvailabilityHealthContributorAutoConfiguration

    org.springframework.boot.autoconfigure.ssl.SslAutoConfiguration

    org.springframework.boot.actuate.autoconfigure.info.InfoContributorAutoConfiguration

    org.springframework.boot.autoconfigure.context.PropertyPlaceholderAutoConfiguration

    org.springframework.boot.autoconfigure.context.LifecycleAutoConfiguration

    org.springframework.boot.actuate.autoconfigure.metrics.integration.IntegrationMetricsAutoConfiguration

    org.springframework.boot.actuate.autoconfigure.endpoint.EndpointAutoConfiguration

    org.springframework.boot.actuate.autoconfigure.web.server.ManagementContextAutoConfiguration

    org.springframework.boot.actuate.autoconfigure.health.HealthContributorAutoConfiguration

    org.springframework.boot.actuate.autoconfigure.endpoint.jackson.JacksonEndpointAutoConfiguration

    org.springframework.boot.autoconfigure.availability.ApplicationAvailabilityAutoConfiguration

    org.springframework.boot.autoconfigure.info.ProjectInfoAutoConfiguration



2025-02-24T15:32:07.337-05:00  INFO 39854 --- [persona_predictor] [    Test worker] d.o.p.PersonaPredictorApplicationTests   : Started PersonaPredictorApplicationTests in 10.708 seconds (process running for 12.305)
2025-02-24T15:32:07.526-05:00 DEBUG 39854 --- [persona_predictor] [    Test worker] o.s.b.a.ApplicationAvailabilityBean      : Application availability state LivenessState changed to CORRECT
2025-02-24T15:32:07.530-05:00 DEBUG 39854 --- [persona_predictor] [    Test worker] o.s.b.a.ApplicationAvailabilityBean      : Application availability state ReadinessState changed to ACCEPTING_TRAFFIC
2025-02-24T15:32:07.533-05:00 DEBUG 39854 --- [persona_predictor] [    Test worker] org.springframework.test.context.cache   : Spring test ApplicationContext cache statistics: [DefaultContextCache@189fe8af size = 1, maxSize = 32, parentContextCount = 0, hitCount = 0, missCount = 1, failureCount = 0]
2025-02-24T15:32:07.534-05:00 DEBUG 39854 --- [persona_predictor] [    Test worker] o.s.t.c.w.ServletTestExecutionListener   : Setting up MockHttpServletRequest, MockHttpServletResponse, ServletWebRequest, and RequestContextHolder for test class dc.on.persona_predictor.PersonaPredictorApplicationTests
2025-02-24T15:32:07.563-05:00 DEBUG 39854 --- [persona_predictor] [    Test worker] DependencyInjectionTestExecutionListener : Performing dependency injection for test class dc.on.persona_predictor.PersonaPredictorApplicationTests
2025-02-24T15:32:07.564-05:00 DEBUG 39854 --- [persona_predictor] [    Test worker] org.springframework.test.context.cache   : Spring test ApplicationContext cache statistics: [DefaultContextCache@189fe8af size = 1, maxSize = 32, parentContextCount = 0, hitCount = 1, missCount = 1, failureCount = 0]
2025-02-24T15:32:07.580-05:00 DEBUG 39854 --- [persona_predictor] [    Test worker] org.springframework.test.context.cache   : Spring test ApplicationContext cache statistics: [DefaultContextCache@189fe8af size = 1, maxSize = 32, parentContextCount = 0, hitCount = 2, missCount = 1, failureCount = 0]
2025-02-24T15:32:07.591-05:00 DEBUG 39854 --- [persona_predictor] [    Test worker] sContextBeforeModesTestExecutionListener : Before test method: class [PersonaPredictorApplicationTests], method [contextLoads], class annotated with @DirtiesContext [false] with mode [null], method annotated with @DirtiesContext [false] with mode [null]
2025-02-24T15:32:07.594-05:00 DEBUG 39854 --- [persona_predictor] [    Test worker] org.springframework.test.context.cache   : Spring test ApplicationContext cache statistics: [DefaultContextCache@189fe8af size = 1, maxSize = 32, parentContextCount = 0, hitCount = 3, missCount = 1, failureCount = 0]
2025-02-24T15:32:07.595-05:00 DEBUG 39854 --- [persona_predictor] [    Test worker] org.springframework.test.context.cache   : Spring test ApplicationContext cache statistics: [DefaultContextCache@189fe8af size = 1, maxSize = 32, parentContextCount = 0, hitCount = 4, missCount = 1, failureCount = 0]
2025-02-24T15:32:08.939-05:00 DEBUG 39854 --- [persona_predictor] [    Test worker] org.springframework.test.context.cache   : Spring test ApplicationContext cache statistics: [DefaultContextCache@189fe8af size = 1, maxSize = 32, parentContextCount = 0, hitCount = 5, missCount = 1, failureCount = 0]
2025-02-24T15:32:08.985-05:00 DEBUG 39854 --- [persona_predictor] [    Test worker] org.springframework.test.context.cache   : Spring test ApplicationContext cache statistics: [DefaultContextCache@189fe8af size = 1, maxSize = 32, parentContextCount = 0, hitCount = 6, missCount = 1, failureCount = 0]
2025-02-24T15:32:09.018-05:00 DEBUG 39854 --- [persona_predictor] [    Test worker] org.springframework.test.context.cache   : Spring test ApplicationContext cache statistics: [DefaultContextCache@189fe8af size = 1, maxSize = 32, parentContextCount = 0, hitCount = 7, missCount = 1, failureCount = 0]
2025-02-24T15:32:09.019-05:00 DEBUG 39854 --- [persona_predictor] [    Test worker] org.springframework.test.context.cache   : Spring test ApplicationContext cache statistics: [DefaultContextCache@189fe8af size = 1, maxSize = 32, parentContextCount = 0, hitCount = 8, missCount = 1, failureCount = 0]
2025-02-24T15:32:09.022-05:00 DEBUG 39854 --- [persona_predictor] [    Test worker] org.springframework.test.context.cache   : Spring test ApplicationContext cache statistics: [DefaultContextCache@189fe8af size = 1, maxSize = 32, parentContextCount = 0, hitCount = 9, missCount = 1, failureCount = 0]
2025-02-24T15:32:09.023-05:00 DEBUG 39854 --- [persona_predictor] [    Test worker] org.springframework.test.context.cache   : Spring test ApplicationContext cache statistics: [DefaultContextCache@189fe8af size = 1, maxSize = 32, parentContextCount = 0, hitCount = 10, missCount = 1, failureCount = 0]
2025-02-24T15:32:09.024-05:00 DEBUG 39854 --- [persona_predictor] [    Test worker] org.springframework.test.context.cache   : Spring test ApplicationContext cache statistics: [DefaultContextCache@189fe8af size = 1, maxSize = 32, parentContextCount = 0, hitCount = 11, missCount = 1, failureCount = 0]
2025-02-24T15:32:09.026-05:00 DEBUG 39854 --- [persona_predictor] [    Test worker] org.springframework.test.context.cache   : Spring test ApplicationContext cache statistics: [DefaultContextCache@189fe8af size = 1, maxSize = 32, parentContextCount = 0, hitCount = 12, missCount = 1, failureCount = 0]
2025-02-24T15:32:09.028-05:00 DEBUG 39854 --- [persona_predictor] [    Test worker] org.springframework.test.context.cache   : Spring test ApplicationContext cache statistics: [DefaultContextCache@189fe8af size = 1, maxSize = 32, parentContextCount = 0, hitCount = 13, missCount = 1, failureCount = 0]
2025-02-24T15:32:09.043-05:00 DEBUG 39854 --- [persona_predictor] [    Test worker] .c.s.DirtiesContextTestExecutionListener : After test method: class [PersonaPredictorApplicationTests], method [contextLoads], class annotated with @DirtiesContext [false] with mode [null], method annotated with @DirtiesContext [false] with mode [null]
2025-02-24T15:32:09.044-05:00 DEBUG 39854 --- [persona_predictor] [    Test worker] o.s.t.c.w.ServletTestExecutionListener   : Resetting RequestContextHolder for test class dc.on.persona_predictor.PersonaPredictorApplicationTests
2025-02-24T15:32:09.058-05:00 DEBUG 39854 --- [persona_predictor] [    Test worker] org.springframework.test.context.cache   : Spring test ApplicationContext cache statistics: [DefaultContextCache@189fe8af size = 1, maxSize = 32, parentContextCount = 0, hitCount = 14, missCount = 1, failureCount = 0]
2025-02-24T15:32:09.061-05:00 DEBUG 39854 --- [persona_predictor] [    Test worker] org.springframework.test.context.cache   : Spring test ApplicationContext cache statistics: [DefaultContextCache@189fe8af size = 1, maxSize = 32, parentContextCount = 0, hitCount = 15, missCount = 1, failureCount = 0]
2025-02-24T15:32:09.062-05:00 DEBUG 39854 --- [persona_predictor] [    Test worker] .c.s.DirtiesContextTestExecutionListener : After test class: class [PersonaPredictorApplicationTests], class annotated with @DirtiesContext [false] with mode [null]
]]></system-out>
  <system-err><![CDATA[Mockito is currently self-attaching to enable the inline-mock-maker. This will no longer work in future releases of the JDK. Please add Mockito as an agent to your build what is described in Mockito's documentation: https://javadoc.io/doc/org.mockito/mockito-core/latest/org/mockito/Mockito.html#0.3
WARNING: A Java agent has been loaded dynamically (/Users/sharyl/.gradle/caches/modules-2/files-2.1/net.bytebuddy/byte-buddy-agent/1.15.11/a38b16385e867f59a641330f0362ebe742788ed8/byte-buddy-agent-1.15.11.jar)
WARNING: If a serviceability tool is in use, please run with -XX:+EnableDynamicAgentLoading to hide this warning
WARNING: If a serviceability tool is not in use, please run with -Djdk.instrument.traceUsage for more information
WARNING: Dynamic loading of agents will be disallowed by default in a future release
]]></system-err>
</testsuite>
